Log file open, 01/16/20 12:37:58
LogWindows: Failed to load 'aqProf.dll' (GetLastError=126)
LogWindows: File 'aqProf.dll' does not exist
LogWindows: Failed to load 'VtuneApi.dll' (GetLastError=126)
LogWindows: File 'VtuneApi.dll' does not exist
LogWindows: Failed to load 'VtuneApi32e.dll' (GetLastError=126)
LogWindows: File 'VtuneApi32e.dll' does not exist
LogConsoleResponse: Display: Failed to find resolution value strings in scalability ini. Falling back to default.
LogInit: Display: Running engine for game: ThirdPersonProject
LogPlatformFile: Not using cached read wrapper
LogTaskGraph: Started task graph with 5 named threads and 35 total threads with 3 sets of task threads.
LogStats: Stats thread started at 0.074997
LogD3D11RHI: Loaded GFSDK_Aftermath_Lib.x64.dll
LogICUInternationalization: ICU TimeZone Detection - Raw Offset: -8:00, Platform Override: ''
LogPluginManager: Mounting plugin Paper2D
LogPluginManager: Mounting plugin AISupport
LogPluginManager: Mounting plugin LightPropagationVolume
LogPluginManager: Mounting plugin ActorLayerUtilities
LogPluginManager: Mounting plugin AnimationSharing
LogPluginManager: Mounting plugin CLionSourceCodeAccess
LogPluginManager: Mounting plugin CodeLiteSourceCodeAccess
LogPluginManager: Mounting plugin GitSourceControl
LogPluginManager: Mounting plugin KDevelopSourceCodeAccess
LogPluginManager: Mounting plugin NullSourceCodeAccess
LogPluginManager: Mounting plugin PerforceSourceControl
LogPluginManager: Mounting plugin PlasticSourceControl
LogPluginManager: Mounting plugin SubversionSourceControl
LogPluginManager: Mounting plugin UObjectPlugin
LogPluginManager: Mounting plugin VisualStudioCodeSourceCodeAccess
LogPluginManager: Mounting plugin VisualStudioSourceCodeAccess
LogPluginManager: Mounting plugin XCodeSourceCodeAccess
LogPluginManager: Mounting plugin AssetManagerEditor
LogPluginManager: Mounting plugin CryptoKeys
LogPluginManager: Mounting plugin CurveEditorTools
LogPluginManager: Mounting plugin DataValidation
LogPluginManager: Mounting plugin FacialAnimation
LogPluginManager: Mounting plugin GameplayTagsEditor
LogPluginManager: Mounting plugin MacGraphicsSwitching
LogPluginManager: Mounting plugin MaterialAnalyzer
LogPluginManager: Mounting plugin MobileLauncherProfileWizard
LogPluginManager: Mounting plugin PluginBrowser
LogPluginManager: Mounting plugin SpeedTreeImporter
LogPluginManager: Mounting plugin DatasmithContent
LogPluginManager: Mounting plugin VariantManagerContent
LogPluginManager: Mounting plugin AlembicImporter
LogPluginManager: Mounting plugin AutomationUtils
LogPluginManager: Mounting plugin BackChannel
LogPluginManager: Mounting plugin CharacterAI
LogPluginManager: Mounting plugin GeometryCache
LogPluginManager: Mounting plugin PlatformCrypto
LogPluginManager: Mounting plugin ProxyLODPlugin
LogPluginManager: Mounting plugin SkeletalReduction
LogPluginManager: Mounting plugin MagicLeap
LogPluginManager: Mounting plugin MagicLeapMedia
LogPluginManager: Mounting plugin MLSDK
LogPluginManager: Mounting plugin AndroidMedia
LogPluginManager: Mounting plugin AvfMedia
LogPluginManager: Mounting plugin ImgMedia
LogPluginManager: Mounting plugin MediaCompositing
LogPluginManager: Mounting plugin MediaPlayerEditor
LogPluginManager: Mounting plugin WebMMedia
LogPluginManager: Mounting plugin WmfMedia
LogPluginManager: Mounting plugin TcpMessaging
LogPluginManager: Mounting plugin UdpMessaging
LogPluginManager: Mounting plugin ActorSequence
LogPluginManager: Mounting plugin LevelSequenceEditor
LogPluginManager: Mounting plugin MatineeToLevelSequence
LogPluginManager: Mounting plugin NetcodeUnitTest
LogPluginManager: Mounting plugin NUTUnrealEngine4
LogPluginManager: Mounting plugin OnlineSubsystemGooglePlay
LogPluginManager: Mounting plugin OnlineSubsystemIOS
LogPluginManager: Mounting plugin OnlineSubsystem
LogPluginManager: Mounting plugin OnlineSubsystemNull
LogPluginManager: Mounting plugin OnlineSubsystemUtils
LogPluginManager: Mounting plugin LauncherChunkInstaller
LogPluginManager: Mounting plugin AndroidDeviceProfileSelector
LogPluginManager: Mounting plugin AndroidMoviePlayer
LogPluginManager: Mounting plugin AndroidPermission
LogPluginManager: Mounting plugin AppleImageUtils
LogPluginManager: Mounting plugin AppleMoviePlayer
LogPluginManager: Mounting plugin ArchVisCharacter
LogPluginManager: Mounting plugin AssetTags
LogPluginManager: Mounting plugin AudioCapture
LogPluginManager: Mounting plugin CableComponent
LogPluginManager: Mounting plugin CustomMeshComponent
LogPluginManager: Mounting plugin EditableMesh
LogPluginManager: Mounting plugin ExampleDeviceProfileSelector
LogPluginManager: Mounting plugin GoogleCloudMessaging
LogPluginManager: Mounting plugin IOSDeviceProfileSelector
LogPluginManager: Mounting plugin LinuxDeviceProfileSelector
LogPluginManager: Mounting plugin LocationServicesBPLibrary
LogPluginManager: Mounting plugin MobilePatchingUtils
LogPluginManager: Mounting plugin OculusVR
LogPluginManager: Mounting plugin PhysXVehicles
LogPluginManager: Mounting plugin PostSplashScreen
LogPluginManager: Mounting plugin ProceduralMeshComponent
LogPluginManager: Mounting plugin RuntimePhysXCooking
LogPluginManager: Mounting plugin SignificanceManager
LogPluginManager: Mounting plugin SteamVR
LogPluginManager: Mounting plugin WebMMoviePlayer
LogPluginManager: Mounting plugin WindowsMoviePlayer
LogPluginManager: Mounting plugin ScreenshotTools
LogInit: Using libcurl 7.55.1-DEV
LogInit:  - built for x86_64-pc-win32
LogInit:  - supports SSL with OpenSSL/1.1.1
LogInit:  - supports HTTP deflate (compression) using libz 1.2.8
LogInit:  - other features:
LogInit:      CURL_VERSION_SSL
LogInit:      CURL_VERSION_LIBZ
LogInit:      CURL_VERSION_IPV6
LogInit:      CURL_VERSION_ASYNCHDNS
LogInit:      CURL_VERSION_LARGEFILE
LogInit:      CURL_VERSION_IDN
LogInit:  CurlRequestOptions (configurable via config and command line):
LogInit:  - bVerifyPeer = true  - Libcurl will verify peer certificate
LogInit:  - bUseHttpProxy = false  - Libcurl will NOT use HTTP proxy
LogInit:  - bDontReuseConnections = false  - Libcurl will reuse connections
LogInit:  - MaxHostConnections = 16  - Libcurl will limit the number of connections to a host
LogInit:  - LocalHostAddr = Default
LogInit:  - BufferSize = 65536
LogOnline: OSS: Creating online subsystem instance for: NULL
LogInit: WinSock: version 1.1 (2.2), MaxSocks=32767, MaxUdp=65467
LogOnline: OSS: TryLoadSubsystemAndSetDefault: Loaded subsystem for module [NULL]
LogInit: Build: ++UE4+Release-4.24-CL-10757647
LogInit: Engine Version: 4.24.1-10757647+++UE4+Release-4.24
LogInit: Compatible Engine Version: 4.24.0-10570792+++UE4+Release-4.24
LogInit: Net CL: 10570792
LogInit: OS: Windows 10 (Release 1903) (), CPU: Intel(R) Core(TM) i7-8750H CPU @ 2.20GHz, GPU: Intel(R) UHD Graphics 630
LogInit: Compiled (64-bit): Dec 17 2019 02:08:03
LogInit: Compiled with Visual C++: 19.16.27032.01
LogInit: Build Configuration: Development
LogInit: Branch Name: ++UE4+Release-4.24
LogInit: Command Line:  -EpicPortal -epicusername=Thanatos757 -epicuserid=bccc7dc91bbe45f5b8fa888346868538 -epiclocale=en-US
LogInit: Base Directory: D:/Epic Games/UE_4.24/Engine/Binaries/Win64/
LogInit: Installed Engine Build: 1
LogDevObjectVersion: Number of dev versions registered: 25
LogDevObjectVersion:   Dev-Blueprints (B0D832E4-1F89-4F0D-ACCF-7EB736FD4AA2): 10
LogDevObjectVersion:   Dev-Build (E1C64328-A22C-4D53-A36C-8E866417BD8C): 0
LogDevObjectVersion:   Dev-Core (375EC13C-06E4-48FB-B500-84F0262A717E): 3
LogDevObjectVersion:   Dev-Editor (E4B068ED-F494-42E9-A231-DA0B2E46BB41): 37
LogDevObjectVersion:   Dev-Framework (CFFC743F-43B0-4480-9391-14DF171D2073): 36
LogDevObjectVersion:   Dev-Mobile (B02B49B5-BB20-44E9-A304-32B752E40360): 2
LogDevObjectVersion:   Dev-Networking (A4E4105C-59A1-49B5-A7C5-40C4547EDFEE): 0
LogDevObjectVersion:   Dev-Online (39C831C9-5AE6-47DC-9A44-9C173E1C8E7C): 0
LogDevObjectVersion:   Dev-Physics (78F01B33-EBEA-4F98-B9B4-84EACCB95AA2): 2
LogDevObjectVersion:   Dev-Platform (6631380F-2D4D-43E0-8009-CF276956A95A): 0
LogDevObjectVersion:   Dev-Rendering (12F88B9F-8875-4AFC-A67C-D90C383ABD29): 36
LogDevObjectVersion:   Dev-Sequencer (7B5AE74C-D270-4C10-A958-57980B212A5A): 11
LogDevObjectVersion:   Dev-VR (D7296918-1DD6-4BDD-9DE2-64A83CC13884): 2
LogDevObjectVersion:   Dev-LoadTimes (C2A15278-BFE7-4AFE-6C17-90FF531DF755): 1
LogDevObjectVersion:   Private-Geometry (6EACA3D4-40EC-4CC1-B786-8BED09428FC5): 3
LogDevObjectVersion:   Dev-AnimPhys (29E575DD-E0A3-4627-9D10-D276232CDCEA): 17
LogDevObjectVersion:   Dev-Anim (AF43A65D-7FD3-4947-9873-3E8ED9C1BB05): 2
LogDevObjectVersion:   Dev-ReflectionCapture (6B266CEC-1EC7-4B8F-A30B-E4D90942FC07): 1
LogDevObjectVersion:   Dev-Automation (0DF73D61-A23F-47EA-B727-89E90C41499A): 1
LogDevObjectVersion:   FortniteMain (601D1886-AC64-4F84-AA16-D3DE0DEAC7D6): 31
LogDevObjectVersion:   Dev-Enterprise (9DFFBCD6-494F-0158-E221-12823C92A888): 8
LogDevObjectVersion:   Dev-Niagara (F2AED0AC-9AFE-416F-8664-AA7FFA26D6FC): 1
LogDevObjectVersion:   Dev-Destruction (174F1F0B-B4C6-45A5-B13F-2EE8D0FB917D): 9
LogDevObjectVersion:   Dev-Physics-Ext (35F94A83-E258-406C-A318-09F59610247C): 8
LogDevObjectVersion:   Dev-CineCamera (B2E18506-4273-CFC2-A54E-F4BB758BBA07): 1
LogInit: Presizing for max 25165824 objects, including 0 objects not considered by GC, pre-allocating 0 bytes for permanent pool.
LogInit: Object subsystem initialized
LogConfig: Setting CVar [[con.DebugEarlyDefault:1]]
LogConfig: Setting CVar [[r.setres:1280x720]]
[2020.01.16-20.37.58:986][  0]LogConfig: Setting CVar [[r.VSync:0]]
[2020.01.16-20.37.58:986][  0]LogConfig: Setting CVar [[r.RHICmdBypass:0]]
[2020.01.16-20.37.58:986][  0]LogConfig: Applying CVar settings from Section [/Script/Engine.RendererSettings] File [D:/Unreal Projects/Third-Person-Platformer/ThirdPersonProject/Saved/Config/Windows/Engine.ini]
[2020.01.16-20.37.58:986][  0]LogConfig: Setting CVar [[r.GPUCrashDebugging:0]]
[2020.01.16-20.37.58:986][  0]LogConfig: Applying CVar settings from Section [/Script/Engine.RendererOverrideSettings] File [D:/Unreal Projects/Third-Person-Platformer/ThirdPersonProject/Saved/Config/Windows/Engine.ini]
[2020.01.16-20.37.58:986][  0]LogConfig: Applying CVar settings from Section [/Script/Engine.StreamingSettings] File [D:/Unreal Projects/Third-Person-Platformer/ThirdPersonProject/Saved/Config/Windows/Engine.ini]
[2020.01.16-20.37.58:986][  0]LogConfig: Setting CVar [[s.MinBulkDataSizeForAsyncLoading:131072]]
[2020.01.16-20.37.58:986][  0]LogConfig: Setting CVar [[s.AsyncLoadingThreadEnabled:0]]
[2020.01.16-20.37.58:986][  0]LogConfig: Setting CVar [[s.EventDrivenLoaderEnabled:1]]
[2020.01.16-20.37.58:986][  0]LogConfig: Setting CVar [[s.WarnIfTimeLimitExceeded:0]]
[2020.01.16-20.37.58:986][  0]LogConfig: Setting CVar [[s.TimeLimitExceededMultiplier:1.5]]
[2020.01.16-20.37.58:986][  0]LogConfig: Setting CVar [[s.TimeLimitExceededMinTime:0.005]]
[2020.01.16-20.37.58:986][  0]LogConfig: Setting CVar [[s.UseBackgroundLevelStreaming:1]]
[2020.01.16-20.37.58:986][  0]LogConfig: Setting CVar [[s.PriorityAsyncLoadingExtraTime:15.0]]
[2020.01.16-20.37.58:986][  0]LogConfig: Setting CVar [[s.LevelStreamingActorsUpdateTimeLimit:5.0]]
[2020.01.16-20.37.58:986][  0]LogConfig: Setting CVar [[s.PriorityLevelStreamingActorsUpdateExtraTime:5.0]]
[2020.01.16-20.37.58:986][  0]LogConfig: Setting CVar [[s.LevelStreamingComponentsRegistrationGranularity:10]]
[2020.01.16-20.37.58:986][  0]LogConfig: Setting CVar [[s.UnregisterComponentsTimeLimit:1.0]]
[2020.01.16-20.37.58:986][  0]LogConfig: Setting CVar [[s.LevelStreamingComponentsUnregistrationGranularity:5]]
[2020.01.16-20.37.58:986][  0]LogConfig: Setting CVar [[s.FlushStreamingOnExit:1]]
[2020.01.16-20.37.58:986][  0]LogConfig: Applying CVar settings from Section [/Script/Engine.GarbageCollectionSettings] File [D:/Unreal Projects/Third-Person-Platformer/ThirdPersonProject/Saved/Config/Windows/Engine.ini]
[2020.01.16-20.37.58:987][  0]LogConfig: Setting CVar [[gc.MaxObjectsNotConsideredByGC:1]]
[2020.01.16-20.37.58:987][  0]LogConfig: Setting CVar [[gc.SizeOfPermanentObjectPool:0]]
[2020.01.16-20.37.58:987][  0]LogConfig: Setting CVar [[gc.FlushStreamingOnGC:0]]
[2020.01.16-20.37.58:987][  0]LogConfig: Setting CVar [[gc.NumRetriesBeforeForcingGC:10]]
[2020.01.16-20.37.58:987][  0]LogConfig: Setting CVar [[gc.AllowParallelGC:1]]
[2020.01.16-20.37.58:987][  0]LogConfig: Setting CVar [[gc.TimeBetweenPurgingPendingKillObjects:61.1]]
[2020.01.16-20.37.58:987][  0]LogConfig: Setting CVar [[gc.MaxObjectsInEditor:25165824]]
[2020.01.16-20.37.58:987][  0]LogConfig: Setting CVar [[gc.IncrementalBeginDestroyEnabled:1]]
[2020.01.16-20.37.58:987][  0]LogConfig: Setting CVar [[gc.CreateGCClusters:1]]
[2020.01.16-20.37.58:987][  0]LogConfig: Setting CVar [[gc.MinGCClusterSize:5]]
[2020.01.16-20.37.58:987][  0]LogConfig: Setting CVar [[gc.ActorClusteringEnabled:0]]
[2020.01.16-20.37.58:987][  0]LogConfig: Setting CVar [[gc.BlueprintClusteringEnabled:0]]
[2020.01.16-20.37.58:987][  0]LogConfig: Setting CVar [[gc.UseDisregardForGCOnDedicatedServers:0]]
[2020.01.16-20.37.58:987][  0]LogConfig: Applying CVar settings from Section [/Script/Engine.NetworkSettings] File [D:/Unreal Projects/Third-Person-Platformer/ThirdPersonProject/Saved/Config/Windows/Engine.ini]
[2020.01.16-20.37.58:987][  0]LogConfig: Applying CVar settings from Section [/Script/UnrealEd.CookerSettings] File [D:/Unreal Projects/Third-Person-Platformer/ThirdPersonProject/Saved/Config/Windows/Engine.ini]
[2020.01.16-20.37.58:989][  0]LogConfig: Applying CVar settings from Section [ViewDistanceQuality@3] File [D:/Unreal Projects/Third-Person-Platformer/ThirdPersonProject/Saved/Config/Windows/Scalability.ini]
[2020.01.16-20.37.58:989][  0]LogConfig: Setting CVar [[r.SkeletalMeshLODBias:0]]
[2020.01.16-20.37.58:989][  0]LogConfig: Setting CVar [[r.ViewDistanceScale:1.0]]
[2020.01.16-20.37.58:989][  0]LogConfig: Applying CVar settings from Section [AntiAliasingQuality@3] File [D:/Unreal Projects/Third-Person-Platformer/ThirdPersonProject/Saved/Config/Windows/Scalability.ini]
[2020.01.16-20.37.58:989][  0]LogConfig: Setting CVar [[r.PostProcessAAQuality:4]]
[2020.01.16-20.37.58:989][  0]LogConfig: Applying CVar settings from Section [ShadowQuality@3] File [D:/Unreal Projects/Third-Person-Platformer/ThirdPersonProject/Saved/Config/Windows/Scalability.ini]
[2020.01.16-20.37.58:989][  0]LogConfig: Setting CVar [[r.LightFunctionQuality:1]]
[2020.01.16-20.37.58:989][  0]LogConfig: Setting CVar [[r.ShadowQuality:5]]
[2020.01.16-20.37.58:989][  0]LogConfig: Setting CVar [[r.Shadow.CSM.MaxCascades:10]]
[2020.01.16-20.37.58:989][  0]LogConfig: Setting CVar [[r.Shadow.MaxResolution:2048]]
[2020.01.16-20.37.58:989][  0]LogConfig: Setting CVar [[r.Shadow.MaxCSMResolution:2048]]
[2020.01.16-20.37.58:989][  0]LogConfig: Setting CVar [[r.Shadow.RadiusThreshold:0.01]]
[2020.01.16-20.37.58:989][  0]LogConfig: Setting CVar [[r.Shadow.DistanceScale:1.0]]
[2020.01.16-20.37.58:989][  0]LogConfig: Setting CVar [[r.Shadow.CSM.TransitionScale:1.0]]
[2020.01.16-20.37.58:989][  0]LogConfig: Setting CVar [[r.Shadow.PreShadowResolutionFactor:1.0]]
[2020.01.16-20.37.58:989][  0]LogConfig: Setting CVar [[r.DistanceFieldShadowing:1]]
[2020.01.16-20.37.58:989][  0]LogConfig: Setting CVar [[r.DistanceFieldAO:1]]
[2020.01.16-20.37.58:989][  0]LogConfig: Setting CVar [[r.AOQuality:2]]
[2020.01.16-20.37.58:989][  0]LogConfig: Setting CVar [[r.VolumetricFog:1]]
[2020.01.16-20.37.58:989][  0]LogConfig: Setting CVar [[r.VolumetricFog.GridPixelSize:8]]
[2020.01.16-20.37.58:989][  0]LogConfig: Setting CVar [[r.VolumetricFog.GridSizeZ:128]]
[2020.01.16-20.37.58:989][  0]LogConfig: Setting CVar [[r.VolumetricFog.HistoryMissSupersampleCount:4]]
[2020.01.16-20.37.58:989][  0]LogConfig: Setting CVar [[r.LightMaxDrawDistanceScale:1]]
[2020.01.16-20.37.58:989][  0]LogConfig: Setting CVar [[r.CapsuleShadows:1]]
[2020.01.16-20.37.58:989][  0]LogConfig: Applying CVar settings from Section [PostProcessQuality@3] File [D:/Unreal Projects/Third-Person-Platformer/ThirdPersonProject/Saved/Config/Windows/Scalability.ini]
[2020.01.16-20.37.58:989][  0]LogConfig: Setting CVar [[r.MotionBlurQuality:4]]
[2020.01.16-20.37.58:989][  0]LogConfig: Setting CVar [[r.AmbientOcclusionMipLevelFactor:0.4]]
[2020.01.16-20.37.58:989][  0]LogConfig: Setting CVar [[r.AmbientOcclusionMaxQuality:100]]
[2020.01.16-20.37.58:989][  0]LogConfig: Setting CVar [[r.AmbientOcclusionLevels:-1]]
[2020.01.16-20.37.58:989][  0]LogConfig: Setting CVar [[r.AmbientOcclusionRadiusScale:1.0]]
[2020.01.16-20.37.58:989][  0]LogConfig: Setting CVar [[r.DepthOfFieldQuality:2]]
[2020.01.16-20.37.58:989][  0]LogConfig: Setting CVar [[r.RenderTargetPoolMin:400]]
[2020.01.16-20.37.58:989][  0]LogConfig: Setting CVar [[r.LensFlareQuality:2]]
[2020.01.16-20.37.58:989][  0]LogConfig: Setting CVar [[r.SceneColorFringeQuality:1]]
[2020.01.16-20.37.58:989][  0]LogConfig: Setting CVar [[r.EyeAdaptationQuality:2]]
[2020.01.16-20.37.58:989][  0]LogConfig: Setting CVar [[r.BloomQuality:5]]
[2020.01.16-20.37.58:989][  0]LogConfig: Setting CVar [[r.FastBlurThreshold:100]]
[2020.01.16-20.37.58:989][  0]LogConfig: Setting CVar [[r.Upscale.Quality:3]]
[2020.01.16-20.37.58:989][  0]LogConfig: Setting CVar [[r.Tonemapper.GrainQuantization:1]]
[2020.01.16-20.37.58:989][  0]LogConfig: Setting CVar [[r.LightShaftQuality:1]]
[2020.01.16-20.37.58:989][  0]LogConfig: Setting CVar [[r.Filter.SizeScale:1]]
[2020.01.16-20.37.58:989][  0]LogConfig: Setting CVar [[r.Tonemapper.Quality:5]]
[2020.01.16-20.37.58:989][  0]LogConfig: Setting CVar [[r.DOF.Gather.AccumulatorQuality:1        ; higher gathering accumulator quality]]
[2020.01.16-20.37.58:989][  0]LogConfig: Setting CVar [[r.DOF.Gather.PostfilterMethod:1          ; Median3x3 postfilering method]]
[2020.01.16-20.37.58:989][  0]LogConfig: Setting CVar [[r.DOF.Gather.EnableBokehSettings:0       ; no bokeh simulation when gathering]]
[2020.01.16-20.37.58:989][  0]LogConfig: Setting CVar [[r.DOF.Gather.RingCount:4                 ; medium number of samples when gathering]]
[2020.01.16-20.37.58:989][  0]LogConfig: Setting CVar [[r.DOF.Scatter.ForegroundCompositing:1    ; additive foreground scattering]]
[2020.01.16-20.37.58:989][  0]LogConfig: Setting CVar [[r.DOF.Scatter.BackgroundCompositing:2    ; additive background scattering]]
[2020.01.16-20.37.58:989][  0]LogConfig: Setting CVar [[r.DOF.Scatter.EnableBokehSettings:1      ; bokeh simulation when scattering]]
[2020.01.16-20.37.58:989][  0]LogConfig: Setting CVar [[r.DOF.Scatter.MaxSpriteRatio:0.1         ; only a maximum of 10% of scattered bokeh]]
[2020.01.16-20.37.58:989][  0]LogConfig: Setting CVar [[r.DOF.Recombine.Quality:1                ; cheap slight out of focus]]
[2020.01.16-20.37.58:989][  0]LogConfig: Setting CVar [[r.DOF.Recombine.EnableBokehSettings:0    ; no bokeh simulation on slight out of focus]]
[2020.01.16-20.37.58:989][  0]LogConfig: Setting CVar [[r.DOF.TemporalAAQuality:1                ; more stable temporal accumulation]]
[2020.01.16-20.37.58:989][  0]LogConfig: Setting CVar [[r.DOF.Kernel.MaxForegroundRadius:0.025]]
[2020.01.16-20.37.58:989][  0]LogConfig: Setting CVar [[r.DOF.Kernel.MaxBackgroundRadius:0.025]]
[2020.01.16-20.37.58:989][  0]LogConfig: Applying CVar settings from Section [TextureQuality@3] File [D:/Unreal Projects/Third-Person-Platformer/ThirdPersonProject/Saved/Config/Windows/Scalability.ini]
[2020.01.16-20.37.58:989][  0]LogConfig: Setting CVar [[r.Streaming.MipBias:0]]
[2020.01.16-20.37.58:989][  0]LogConfig: Setting CVar [[r.Streaming.AmortizeCPUToGPUCopy:0]]
[2020.01.16-20.37.58:989][  0]LogConfig: Setting CVar [[r.Streaming.MaxNumTexturesToStreamPerFrame:0]]
[2020.01.16-20.37.58:989][  0]LogConfig: Setting CVar [[r.Streaming.Boost:1]]
[2020.01.16-20.37.58:989][  0]LogConfig: Setting CVar [[r.MaxAnisotropy:8]]
[2020.01.16-20.37.58:989][  0]LogConfig: Setting CVar [[r.VT.MaxAnisotropy:8]]
[2020.01.16-20.37.58:989][  0]LogConfig: Setting CVar [[r.Streaming.LimitPoolSizeToVRAM:0]]
[2020.01.16-20.37.58:989][  0]LogConfig: Setting CVar [[r.Streaming.PoolSize:1000]]
[2020.01.16-20.37.58:989][  0]LogConfig: Setting CVar [[r.Streaming.MaxEffectiveScreenSize:0]]
[2020.01.16-20.37.58:989][  0]LogConfig: Applying CVar settings from Section [EffectsQuality@3] File [D:/Unreal Projects/Third-Person-Platformer/ThirdPersonProject/Saved/Config/Windows/Scalability.ini]
[2020.01.16-20.37.58:989][  0]LogConfig: Setting CVar [[r.TranslucencyLightingVolumeDim:64]]
[2020.01.16-20.37.58:989][  0]LogConfig: Setting CVar [[r.RefractionQuality:2]]
[2020.01.16-20.37.58:989][  0]LogConfig: Setting CVar [[r.SSR.Quality:3]]
[2020.01.16-20.37.58:989][  0]LogConfig: Setting CVar [[r.SSR.HalfResSceneColor:0]]
[2020.01.16-20.37.58:989][  0]LogConfig: Setting CVar [[r.SceneColorFormat:4]]
[2020.01.16-20.37.58:989][  0]LogConfig: Setting CVar [[r.DetailMode:2]]
[2020.01.16-20.37.58:989][  0]LogConfig: Setting CVar [[r.TranslucencyVolumeBlur:1]]
[2020.01.16-20.37.58:989][  0]LogConfig: Setting CVar [[r.MaterialQualityLevel:1 ; High quality]]
[2020.01.16-20.37.58:989][  0]LogConfig: Setting CVar [[r.SSS.Scale:1]]
[2020.01.16-20.37.58:989][  0]LogConfig: Setting CVar [[r.SSS.SampleSet:2]]
[2020.01.16-20.37.58:989][  0]LogConfig: Setting CVar [[r.SSS.Quality:1]]
[2020.01.16-20.37.58:990][  0]LogConfig: Setting CVar [[r.SSS.HalfRes:1]]
[2020.01.16-20.37.58:990][  0]LogConfig: Setting CVar [[r.SSGI.Quality:3]]
[2020.01.16-20.37.58:990][  0]LogConfig: Setting CVar [[r.EmitterSpawnRateScale:1.0]]
[2020.01.16-20.37.58:990][  0]LogConfig: Setting CVar [[r.ParticleLightQuality:2]]
[2020.01.16-20.37.58:990][  0]LogConfig: Setting CVar [[r.SkyAtmosphere.AerialPerspectiveLUT.FastApplyOnOpaque:1 ; Always have FastSkyLUT 1 in this case to avoid wrong sky]]
[2020.01.16-20.37.58:990][  0]LogConfig: Setting CVar [[r.SkyAtmosphere.AerialPerspectiveLUT.SampleCountPerSlice:1]]
[2020.01.16-20.37.58:990][  0]LogConfig: Setting CVar [[r.SkyAtmosphere.AerialPerspectiveLUT.DepthResolution:16.0]]
[2020.01.16-20.37.58:990][  0]LogConfig: Setting CVar [[r.SkyAtmosphere.FastSkyLUT:1]]
[2020.01.16-20.37.58:990][  0]LogConfig: Setting CVar [[r.SkyAtmosphere.FastSkyLUT.SampleCountMin:4.0]]
[2020.01.16-20.37.58:990][  0]LogConfig: Setting CVar [[r.SkyAtmosphere.FastSkyLUT.SampleCountMax:32.0]]
[2020.01.16-20.37.58:990][  0]LogConfig: Setting CVar [[r.SkyAtmosphere.SampleCountMin:4.0]]
[2020.01.16-20.37.58:990][  0]LogConfig: Setting CVar [[r.SkyAtmosphere.SampleCountMax:32.0]]
[2020.01.16-20.37.58:990][  0]LogConfig: Setting CVar [[r.SkyAtmosphere.TransmittanceLUT.UseSmallFormat:0]]
[2020.01.16-20.37.58:990][  0]LogConfig: Setting CVar [[r.SkyAtmosphere.TransmittanceLUT.SampleCount:10.0]]
[2020.01.16-20.37.58:990][  0]LogConfig: Setting CVar [[r.SkyAtmosphere.MultiScatteringLUT.SampleCount:15.0]]
[2020.01.16-20.37.58:990][  0]LogConfig: Applying CVar settings from Section [FoliageQuality@3] File [D:/Unreal Projects/Third-Person-Platformer/ThirdPersonProject/Saved/Config/Windows/Scalability.ini]
[2020.01.16-20.37.58:990][  0]LogConfig: Setting CVar [[foliage.DensityScale:1.0]]
[2020.01.16-20.37.58:990][  0]LogConfig: Setting CVar [[grass.DensityScale:1.0]]
[2020.01.16-20.37.58:990][  0]LogConfig: Applying CVar settings from Section [ShadingQuality@3] File [D:/Unreal Projects/Third-Person-Platformer/ThirdPersonProject/Saved/Config/Windows/Scalability.ini]
[2020.01.16-20.37.58:990][  0]LogConfig: Setting CVar [[r.HairStrands.SkyLighting.SampleCount:16]]
[2020.01.16-20.37.58:990][  0]LogConfig: Setting CVar [[r.HairStrands.SkyLighting.JitterIntegration:0]]
[2020.01.16-20.37.58:990][  0]LogConfig: Setting CVar [[r.HairStrands.SkyAO.SampleCount:16]]
[2020.01.16-20.37.58:990][  0]LogInit: Selected Device Profile: [Windows]
[2020.01.16-20.37.58:990][  0]LogInit: Applying CVar settings loaded from the selected device profile: [Windows]
[2020.01.16-20.37.59:027][  0]LogHAL: Display: Platform has ~ 16 GB [17018638336 / 17179869184 / 16], which maps to Larger [LargestMinGB=32, LargerMinGB=12, DefaultMinGB=8, SmallerMinGB=6, SmallestMinGB=0)
[2020.01.16-20.37.59:027][  0]LogInit: Going up to parent DeviceProfile []
[2020.01.16-20.37.59:027][  0]LogConfig: Applying CVar settings from Section [ViewDistanceQuality@3] File [D:/Unreal Projects/Third-Person-Platformer/ThirdPersonProject/Saved/Config/Windows/Scalability.ini]
[2020.01.16-20.37.59:027][  0]LogConfig: Setting CVar [[r.SkeletalMeshLODBias:0]]
[2020.01.16-20.37.59:027][  0]LogConfig: Setting CVar [[r.ViewDistanceScale:1.0]]
[2020.01.16-20.37.59:027][  0]LogConfig: Applying CVar settings from Section [AntiAliasingQuality@3] File [D:/Unreal Projects/Third-Person-Platformer/ThirdPersonProject/Saved/Config/Windows/Scalability.ini]
[2020.01.16-20.37.59:027][  0]LogConfig: Setting CVar [[r.PostProcessAAQuality:4]]
[2020.01.16-20.37.59:027][  0]LogConfig: Applying CVar settings from Section [ShadowQuality@3] File [D:/Unreal Projects/Third-Person-Platformer/ThirdPersonProject/Saved/Config/Windows/Scalability.ini]
[2020.01.16-20.37.59:027][  0]LogConfig: Setting CVar [[r.LightFunctionQuality:1]]
[2020.01.16-20.37.59:027][  0]LogConfig: Setting CVar [[r.ShadowQuality:5]]
[2020.01.16-20.37.59:027][  0]LogConfig: Setting CVar [[r.Shadow.CSM.MaxCascades:10]]
[2020.01.16-20.37.59:028][  0]LogConfig: Setting CVar [[r.Shadow.MaxResolution:2048]]
[2020.01.16-20.37.59:028][  0]LogConfig: Setting CVar [[r.Shadow.MaxCSMResolution:2048]]
[2020.01.16-20.37.59:028][  0]LogConfig: Setting CVar [[r.Shadow.RadiusThreshold:0.01]]
[2020.01.16-20.37.59:028][  0]LogConfig: Setting CVar [[r.Shadow.DistanceScale:1.0]]
[2020.01.16-20.37.59:028][  0]LogConfig: Setting CVar [[r.Shadow.CSM.TransitionScale:1.0]]
[2020.01.16-20.37.59:028][  0]LogConfig: Setting CVar [[r.Shadow.PreShadowResolutionFactor:1.0]]
[2020.01.16-20.37.59:028][  0]LogConfig: Setting CVar [[r.DistanceFieldShadowing:1]]
[2020.01.16-20.37.59:028][  0]LogConfig: Setting CVar [[r.DistanceFieldAO:1]]
[2020.01.16-20.37.59:028][  0]LogConfig: Setting CVar [[r.AOQuality:2]]
[2020.01.16-20.37.59:028][  0]LogConfig: Setting CVar [[r.VolumetricFog:1]]
[2020.01.16-20.37.59:028][  0]LogConfig: Setting CVar [[r.VolumetricFog.GridPixelSize:8]]
[2020.01.16-20.37.59:028][  0]LogConfig: Setting CVar [[r.VolumetricFog.GridSizeZ:128]]
[2020.01.16-20.37.59:028][  0]LogConfig: Setting CVar [[r.VolumetricFog.HistoryMissSupersampleCount:4]]
[2020.01.16-20.37.59:028][  0]LogConfig: Setting CVar [[r.LightMaxDrawDistanceScale:1]]
[2020.01.16-20.37.59:028][  0]LogConfig: Setting CVar [[r.CapsuleShadows:1]]
[2020.01.16-20.37.59:028][  0]LogConfig: Applying CVar settings from Section [PostProcessQuality@3] File [D:/Unreal Projects/Third-Person-Platformer/ThirdPersonProject/Saved/Config/Windows/Scalability.ini]
[2020.01.16-20.37.59:028][  0]LogConfig: Setting CVar [[r.MotionBlurQuality:4]]
[2020.01.16-20.37.59:028][  0]LogConfig: Setting CVar [[r.AmbientOcclusionMipLevelFactor:0.4]]
[2020.01.16-20.37.59:028][  0]LogConfig: Setting CVar [[r.AmbientOcclusionMaxQuality:100]]
[2020.01.16-20.37.59:028][  0]LogConfig: Setting CVar [[r.AmbientOcclusionLevels:-1]]
[2020.01.16-20.37.59:029][  0]LogConfig: Setting CVar [[r.AmbientOcclusionRadiusScale:1.0]]
[2020.01.16-20.37.59:029][  0]LogConfig: Setting CVar [[r.DepthOfFieldQuality:2]]
[2020.01.16-20.37.59:029][  0]LogConfig: Setting CVar [[r.RenderTargetPoolMin:400]]
[2020.01.16-20.37.59:029][  0]LogConfig: Setting CVar [[r.LensFlareQuality:2]]
[2020.01.16-20.37.59:029][  0]LogConfig: Setting CVar [[r.SceneColorFringeQuality:1]]
[2020.01.16-20.37.59:029][  0]LogConfig: Setting CVar [[r.EyeAdaptationQuality:2]]
[2020.01.16-20.37.59:029][  0]LogConfig: Setting CVar [[r.BloomQuality:5]]
[2020.01.16-20.37.59:029][  0]LogConfig: Setting CVar [[r.FastBlurThreshold:100]]
[2020.01.16-20.37.59:029][  0]LogConfig: Setting CVar [[r.Upscale.Quality:3]]
[2020.01.16-20.37.59:029][  0]LogConfig: Setting CVar [[r.Tonemapper.GrainQuantization:1]]
[2020.01.16-20.37.59:029][  0]LogConfig: Setting CVar [[r.LightShaftQuality:1]]
[2020.01.16-20.37.59:029][  0]LogConfig: Setting CVar [[r.Filter.SizeScale:1]]
[2020.01.16-20.37.59:029][  0]LogConfig: Setting CVar [[r.Tonemapper.Quality:5]]
[2020.01.16-20.37.59:029][  0]LogConfig: Setting CVar [[r.DOF.Gather.AccumulatorQuality:1        ; higher gathering accumulator quality]]
[2020.01.16-20.37.59:029][  0]LogConfig: Setting CVar [[r.DOF.Gather.PostfilterMethod:1          ; Median3x3 postfilering method]]
[2020.01.16-20.37.59:029][  0]LogConfig: Setting CVar [[r.DOF.Gather.EnableBokehSettings:0       ; no bokeh simulation when gathering]]
[2020.01.16-20.37.59:029][  0]LogConfig: Setting CVar [[r.DOF.Gather.RingCount:4                 ; medium number of samples when gathering]]
[2020.01.16-20.37.59:029][  0]LogConfig: Setting CVar [[r.DOF.Scatter.ForegroundCompositing:1    ; additive foreground scattering]]
[2020.01.16-20.37.59:029][  0]LogConfig: Setting CVar [[r.DOF.Scatter.BackgroundCompositing:2    ; additive background scattering]]
[2020.01.16-20.37.59:029][  0]LogConfig: Setting CVar [[r.DOF.Scatter.EnableBokehSettings:1      ; bokeh simulation when scattering]]
[2020.01.16-20.37.59:030][  0]LogConfig: Setting CVar [[r.DOF.Scatter.MaxSpriteRatio:0.1         ; only a maximum of 10% of scattered bokeh]]
[2020.01.16-20.37.59:030][  0]LogConfig: Setting CVar [[r.DOF.Recombine.Quality:1                ; cheap slight out of focus]]
[2020.01.16-20.37.59:030][  0]LogConfig: Setting CVar [[r.DOF.Recombine.EnableBokehSettings:0    ; no bokeh simulation on slight out of focus]]
[2020.01.16-20.37.59:030][  0]LogConfig: Setting CVar [[r.DOF.TemporalAAQuality:1                ; more stable temporal accumulation]]
[2020.01.16-20.37.59:030][  0]LogConfig: Setting CVar [[r.DOF.Kernel.MaxForegroundRadius:0.025]]
[2020.01.16-20.37.59:030][  0]LogConfig: Setting CVar [[r.DOF.Kernel.MaxBackgroundRadius:0.025]]
[2020.01.16-20.37.59:030][  0]LogConfig: Applying CVar settings from Section [TextureQuality@3] File [D:/Unreal Projects/Third-Person-Platformer/ThirdPersonProject/Saved/Config/Windows/Scalability.ini]
[2020.01.16-20.37.59:030][  0]LogConfig: Setting CVar [[r.Streaming.MipBias:0]]
[2020.01.16-20.37.59:030][  0]LogConfig: Setting CVar [[r.Streaming.AmortizeCPUToGPUCopy:0]]
[2020.01.16-20.37.59:030][  0]LogConfig: Setting CVar [[r.Streaming.MaxNumTexturesToStreamPerFrame:0]]
[2020.01.16-20.37.59:030][  0]LogConfig: Setting CVar [[r.Streaming.Boost:1]]
[2020.01.16-20.37.59:030][  0]LogConfig: Setting CVar [[r.MaxAnisotropy:8]]
[2020.01.16-20.37.59:030][  0]LogConfig: Setting CVar [[r.VT.MaxAnisotropy:8]]
[2020.01.16-20.37.59:030][  0]LogConfig: Setting CVar [[r.Streaming.LimitPoolSizeToVRAM:0]]
[2020.01.16-20.37.59:030][  0]LogConfig: Setting CVar [[r.Streaming.PoolSize:1000]]
[2020.01.16-20.37.59:030][  0]LogConfig: Setting CVar [[r.Streaming.MaxEffectiveScreenSize:0]]
[2020.01.16-20.37.59:030][  0]LogConfig: Applying CVar settings from Section [EffectsQuality@3] File [D:/Unreal Projects/Third-Person-Platformer/ThirdPersonProject/Saved/Config/Windows/Scalability.ini]
[2020.01.16-20.37.59:030][  0]LogConfig: Setting CVar [[r.TranslucencyLightingVolumeDim:64]]
[2020.01.16-20.37.59:030][  0]LogConfig: Setting CVar [[r.RefractionQuality:2]]
[2020.01.16-20.37.59:030][  0]LogConfig: Setting CVar [[r.SSR.Quality:3]]
[2020.01.16-20.37.59:031][  0]LogConfig: Setting CVar [[r.SSR.HalfResSceneColor:0]]
[2020.01.16-20.37.59:031][  0]LogConfig: Setting CVar [[r.SceneColorFormat:4]]
[2020.01.16-20.37.59:031][  0]LogConfig: Setting CVar [[r.DetailMode:2]]
[2020.01.16-20.37.59:031][  0]LogConfig: Setting CVar [[r.TranslucencyVolumeBlur:1]]
[2020.01.16-20.37.59:031][  0]LogConfig: Setting CVar [[r.MaterialQualityLevel:1 ; High quality]]
[2020.01.16-20.37.59:031][  0]LogConfig: Setting CVar [[r.SSS.Scale:1]]
[2020.01.16-20.37.59:031][  0]LogConfig: Setting CVar [[r.SSS.SampleSet:2]]
[2020.01.16-20.37.59:031][  0]LogConfig: Setting CVar [[r.SSS.Quality:1]]
[2020.01.16-20.37.59:031][  0]LogConfig: Setting CVar [[r.SSS.HalfRes:1]]
[2020.01.16-20.37.59:031][  0]LogConfig: Setting CVar [[r.SSGI.Quality:3]]
[2020.01.16-20.37.59:031][  0]LogConfig: Setting CVar [[r.EmitterSpawnRateScale:1.0]]
[2020.01.16-20.37.59:031][  0]LogConfig: Setting CVar [[r.ParticleLightQuality:2]]
[2020.01.16-20.37.59:031][  0]LogConfig: Setting CVar [[r.SkyAtmosphere.AerialPerspectiveLUT.FastApplyOnOpaque:1 ; Always have FastSkyLUT 1 in this case to avoid wrong sky]]
[2020.01.16-20.37.59:031][  0]LogConfig: Setting CVar [[r.SkyAtmosphere.AerialPerspectiveLUT.SampleCountPerSlice:1]]
[2020.01.16-20.37.59:031][  0]LogConfig: Setting CVar [[r.SkyAtmosphere.AerialPerspectiveLUT.DepthResolution:16.0]]
[2020.01.16-20.37.59:031][  0]LogConfig: Setting CVar [[r.SkyAtmosphere.FastSkyLUT:1]]
[2020.01.16-20.37.59:031][  0]LogConfig: Setting CVar [[r.SkyAtmosphere.FastSkyLUT.SampleCountMin:4.0]]
[2020.01.16-20.37.59:031][  0]LogConfig: Setting CVar [[r.SkyAtmosphere.FastSkyLUT.SampleCountMax:32.0]]
[2020.01.16-20.37.59:031][  0]LogConfig: Setting CVar [[r.SkyAtmosphere.SampleCountMin:4.0]]
[2020.01.16-20.37.59:031][  0]LogConfig: Setting CVar [[r.SkyAtmosphere.SampleCountMax:32.0]]
[2020.01.16-20.37.59:032][  0]LogConfig: Setting CVar [[r.SkyAtmosphere.TransmittanceLUT.UseSmallFormat:0]]
[2020.01.16-20.37.59:032][  0]LogConfig: Setting CVar [[r.SkyAtmosphere.TransmittanceLUT.SampleCount:10.0]]
[2020.01.16-20.37.59:032][  0]LogConfig: Setting CVar [[r.SkyAtmosphere.MultiScatteringLUT.SampleCount:15.0]]
[2020.01.16-20.37.59:032][  0]LogConfig: Applying CVar settings from Section [FoliageQuality@3] File [D:/Unreal Projects/Third-Person-Platformer/ThirdPersonProject/Saved/Config/Windows/Scalability.ini]
[2020.01.16-20.37.59:032][  0]LogConfig: Setting CVar [[foliage.DensityScale:1.0]]
[2020.01.16-20.37.59:032][  0]LogConfig: Setting CVar [[grass.DensityScale:1.0]]
[2020.01.16-20.37.59:032][  0]LogConfig: Applying CVar settings from Section [ShadingQuality@3] File [D:/Unreal Projects/Third-Person-Platformer/ThirdPersonProject/Saved/Config/Windows/Scalability.ini]
[2020.01.16-20.37.59:032][  0]LogConfig: Setting CVar [[r.HairStrands.SkyLighting.SampleCount:16]]
[2020.01.16-20.37.59:032][  0]LogConfig: Setting CVar [[r.HairStrands.SkyLighting.JitterIntegration:0]]
[2020.01.16-20.37.59:032][  0]LogConfig: Setting CVar [[r.HairStrands.SkyAO.SampleCount:16]]
[2020.01.16-20.37.59:032][  0]LogConfig: Applying CVar settings from Section [Startup] File [../../../Engine/Config/ConsoleVariables.ini]
[2020.01.16-20.37.59:034][  0]LogConfig: Setting CVar [[net.UseAdaptiveNetUpdateFrequency:0]]
[2020.01.16-20.37.59:035][  0]LogConfig: Setting CVar [[p.chaos.AllowCreatePhysxBodies:1]]
[2020.01.16-20.37.59:035][  0]LogConfig: Applying CVar settings from Section [ConsoleVariables] File [D:/Unreal Projects/Third-Person-Platformer/ThirdPersonProject/Saved/Config/Windows/Engine.ini]
[2020.01.16-20.37.59:035][  0]LogInit: Computer: MSI
[2020.01.16-20.37.59:035][  0]LogInit: User: Home
[2020.01.16-20.37.59:035][  0]LogInit: CPU Page size=4096, Cores=6
[2020.01.16-20.37.59:035][  0]LogInit: High frequency timer resolution =10.000000 MHz
[2020.01.16-20.37.59:036][  0]LogMemory: Memory total: Physical=15.8GB (16GB approx)
[2020.01.16-20.37.59:036][  0]LogMemory: Platform Memory Stats for Windows
[2020.01.16-20.37.59:036][  0]LogMemory: Process Physical Memory: 106.28 MB used, 106.29 MB peak
[2020.01.16-20.37.59:036][  0]LogMemory: Process Virtual Memory: 101.75 MB used, 101.75 MB peak
[2020.01.16-20.37.59:036][  0]LogMemory: Physical Memory: 6623.21 MB used,  9607.03 MB free, 16230.24 MB total
[2020.01.16-20.37.59:036][  0]LogMemory: Virtual Memory: 5159.21 MB used,  134212568.00 MB free, 134217728.00 MB total
[2020.01.16-20.37.59:285][  0]LogWindows: WindowsPlatformFeatures enabled
[2020.01.16-20.37.59:306][  0]LogInit: Using OS detected language (en-US).
[2020.01.16-20.37.59:306][  0]LogInit: Using OS detected locale (en-US).
[2020.01.16-20.37.59:307][  0]LogTextLocalizationManager: No specific localization for 'en-US' exists, so the 'en' localization will be used.
[2020.01.16-20.37.59:435][  0]LogInit: Setting process to per monitor DPI aware
[2020.01.16-20.37.59:458][  0]LogSlate: New Slate User Created.  User Index 0, Is Virtual User: 0
[2020.01.16-20.37.59:458][  0]LogSlate: Slate User Registered.  User Index 0, Is Virtual User: 0
[2020.01.16-20.37.59:856][  0]LogHMD: Failed to initialize OpenVR with code 110
[2020.01.16-20.37.59:856][  0]LogD3D11RHI: D3D11 min allowed feature level: 11_0
[2020.01.16-20.37.59:856][  0]LogD3D11RHI: D3D11 max allowed feature level: 11_0
[2020.01.16-20.37.59:856][  0]LogD3D11RHI: D3D11 adapters:
[2020.01.16-20.37.59:929][  0]LogD3D11RHI:    0. 'NVIDIA GeForce GTX 1070' (Feature Level 11_0)
[2020.01.16-20.37.59:929][  0]LogD3D11RHI:       8081/0/8115 MB DedicatedVideo/DedicatedSystem/SharedSystem, Outputs:1, VendorId:0x10de
[2020.01.16-20.37.59:943][  0]LogD3D11RHI:    1. 'Intel(R) UHD Graphics 630' (Feature Level 11_0)
[2020.01.16-20.37.59:943][  0]LogD3D11RHI:       128/0/8115 MB DedicatedVideo/DedicatedSystem/SharedSystem, Outputs:0, VendorId:0x8086
[2020.01.16-20.37.59:946][  0]LogD3D11RHI:    2. 'Microsoft Basic Render Driver' (Feature Level 11_0)
[2020.01.16-20.37.59:946][  0]LogD3D11RHI:       0/0/8115 MB DedicatedVideo/DedicatedSystem/SharedSystem, Outputs:0, VendorId:0x1414
[2020.01.16-20.37.59:946][  0]LogD3D11RHI: Chosen D3D11 Adapter: 0
[2020.01.16-20.37.59:976][  0]LogD3D11RHI: Creating new Direct3DDevice
[2020.01.16-20.37.59:976][  0]LogD3D11RHI:     GPU DeviceId: 0x1ba1 (for the marketing name, search the web for "GPU Device Id")
[2020.01.16-20.37.59:976][  0]LogWindows: EnumDisplayDevices:
[2020.01.16-20.37.59:976][  0]LogWindows:    0. 'Intel(R) UHD Graphics 630' (P:1 D:1)
[2020.01.16-20.37.59:976][  0]LogWindows:    1. 'Intel(R) UHD Graphics 630' (P:0 D:0)
[2020.01.16-20.37.59:976][  0]LogWindows:    2. 'Intel(R) UHD Graphics 630' (P:0 D:0)
[2020.01.16-20.37.59:976][  0]LogWindows:    3. 'NVIDIA GeForce GTX 1070' (P:0 D:0)
[2020.01.16-20.37.59:977][  0]LogWindows:    4. 'NVIDIA GeForce GTX 1070' (P:0 D:0)
[2020.01.16-20.37.59:977][  0]LogWindows:    5. 'NVIDIA GeForce GTX 1070' (P:0 D:0)
[2020.01.16-20.37.59:977][  0]LogWindows:    6. 'NVIDIA GeForce GTX 1070' (P:0 D:0)
[2020.01.16-20.37.59:977][  0]LogWindows: DebugString: PrimaryIsNotTheChoosenAdapter PrimaryIsNotTheChoosenAdapter PrimaryIsNotTheChoosenAdapter FoundDriverCount:4 
[2020.01.16-20.37.59:977][  0]LogD3D11RHI:     Adapter Name: NVIDIA GeForce GTX 1070
[2020.01.16-20.37.59:977][  0]LogD3D11RHI:   Driver Version: 441.12 (internal:26.21.14.4112, unified:441.12)
[2020.01.16-20.37.59:977][  0]LogD3D11RHI:      Driver Date: 10-24-2019
[2020.01.16-20.37.59:977][  0]LogRHI: Texture pool is 5656 MB (70% of 8081 MB)
[2020.01.16-20.38.00:014][  0]LogD3D11RHI: RHI has support for 64 bit atomics
[2020.01.16-20.38.00:014][  0]LogD3D11RHI: Async texture creation enabled
[2020.01.16-20.38.00:031][  0]LogD3D11RHI: GPU Timing Frequency: 1000.000000 (Debug: 2 1)
[2020.01.16-20.38.00:298][  0]LogTargetPlatformManager: Display: Loaded TargetPlatform 'AllDesktop'
[2020.01.16-20.38.00:326][  0]LogTargetPlatformManager: Display: Loaded TargetPlatform 'Android'
[2020.01.16-20.38.00:326][  0]LogTargetPlatformManager: Display: Loaded TargetPlatform 'Android_ASTC'
[2020.01.16-20.38.00:326][  0]LogTargetPlatformManager: Display: Loaded TargetPlatform 'Android_ATC'
[2020.01.16-20.38.00:326][  0]LogTargetPlatformManager: Display: Loaded TargetPlatform 'Android_DXT'
[2020.01.16-20.38.00:326][  0]LogTargetPlatformManager: Display: Loaded TargetPlatform 'Android_ETC1'
[2020.01.16-20.38.00:326][  0]LogTargetPlatformManager: Display: Loaded TargetPlatform 'Android_ETC1a'
[2020.01.16-20.38.00:326][  0]LogTargetPlatformManager: Display: Loaded TargetPlatform 'Android_ETC2'
[2020.01.16-20.38.00:326][  0]LogTargetPlatformManager: Display: Loaded TargetPlatform 'Android_PVRTC'
[2020.01.16-20.38.00:326][  0]LogTargetPlatformManager: Display: Loaded TargetPlatform 'AndroidClient'
[2020.01.16-20.38.00:326][  0]LogTargetPlatformManager: Display: Loaded TargetPlatform 'Android_ASTCClient'
[2020.01.16-20.38.00:326][  0]LogTargetPlatformManager: Display: Loaded TargetPlatform 'Android_ATCClient'
[2020.01.16-20.38.00:326][  0]LogTargetPlatformManager: Display: Loaded TargetPlatform 'Android_DXTClient'
[2020.01.16-20.38.00:326][  0]LogTargetPlatformManager: Display: Loaded TargetPlatform 'Android_ETC1Client'
[2020.01.16-20.38.00:326][  0]LogTargetPlatformManager: Display: Loaded TargetPlatform 'Android_ETC1aClient'
[2020.01.16-20.38.00:326][  0]LogTargetPlatformManager: Display: Loaded TargetPlatform 'Android_ETC2Client'
[2020.01.16-20.38.00:326][  0]LogTargetPlatformManager: Display: Loaded TargetPlatform 'Android_PVRTCClient'
[2020.01.16-20.38.00:326][  0]LogTargetPlatformManager: Display: Loaded TargetPlatform 'Android_Multi'
[2020.01.16-20.38.00:326][  0]LogTargetPlatformManager: Display: Loaded TargetPlatform 'Android_MultiClient'
[2020.01.16-20.38.00:343][  0]LogTargetPlatformManager: Display: Loaded TargetPlatform 'IOSClient'
[2020.01.16-20.38.00:343][  0]LogTargetPlatformManager: Display: Loaded TargetPlatform 'IOS'
[2020.01.16-20.38.00:349][  0]LogTargetPlatformManager: Display: Loaded TargetPlatform 'LinuxNoEditor'
[2020.01.16-20.38.00:355][  0]LogTargetPlatformManager: Display: Loaded TargetPlatform 'LinuxClient'
[2020.01.16-20.38.00:361][  0]LogTargetPlatformManager: Display: Loaded TargetPlatform 'LinuxServer'
[2020.01.16-20.38.00:367][  0]LogTargetPlatformManager: Display: Loaded TargetPlatform 'LinuxAArch64NoEditor'
[2020.01.16-20.38.00:374][  0]LogTargetPlatformManager: Display: Loaded TargetPlatform 'LinuxAArch64Client'
[2020.01.16-20.38.00:380][  0]LogTargetPlatformManager: Display: Loaded TargetPlatform 'LinuxAArch64Server'
[2020.01.16-20.38.00:399][  0]LogTargetPlatformManager: Display: Loaded TargetPlatform 'Lumin'
[2020.01.16-20.38.00:399][  0]LogTargetPlatformManager: Display: Loaded TargetPlatform 'LuminClient'
[2020.01.16-20.38.00:411][  0]LogTargetPlatformManager: Display: Loaded TargetPlatform 'TVOSClient'
[2020.01.16-20.38.00:411][  0]LogTargetPlatformManager: Display: Loaded TargetPlatform 'TVOS'
[2020.01.16-20.38.00:417][  0]LogTargetPlatformManager: Display: Loaded TargetPlatform 'WindowsNoEditor'
[2020.01.16-20.38.00:424][  0]LogTargetPlatformManager: Display: Loaded TargetPlatform 'Windows'
[2020.01.16-20.38.00:431][  0]LogTargetPlatformManager: Display: Loaded TargetPlatform 'WindowsClient'
[2020.01.16-20.38.00:437][  0]LogTargetPlatformManager: Display: Loaded TargetPlatform 'WindowsServer'
[2020.01.16-20.38.00:437][  0]LogTargetPlatformManager: Display: Building Assets For Windows
[2020.01.16-20.38.00:441][  0]LogAudioDebug: Display: Lib vorbis DLL was dynamically loaded.
[2020.01.16-20.38.00:463][  0]LogShaderCompilers: Guid format shader working directory is -29 characters bigger than the processId version (../../../../../Unreal Projects/Third-Person-Platformer/ThirdPersonProject/Intermediate/Shaders/WorkingDirectory/15852/).
[2020.01.16-20.38.00:463][  0]LogShaderCompilers: Cleaned the shader compiler working directory 'C:/Users/Home/AppData/Local/Temp/UnrealShaderWorkingDir/2B6C7B4D40D540C41E638E95EED91DAE/'.
[2020.01.16-20.38.00:464][  0]LogXGEController: Cannot use XGE Controller as Incredibuild is not installed on this machine.
[2020.01.16-20.38.00:464][  0]LogShaderCompilers: Cannot use XGE Shader Compiler as Incredibuild is not installed on this machine.
[2020.01.16-20.38.00:464][  0]LogShaderCompilers: Display: Using Local Shader Compiler.
[2020.01.16-20.38.01:344][  0]LogDerivedDataCache: Display: Max Cache Size: 512 MB
[2020.01.16-20.38.01:388][  0]LogDerivedDataCache: Loaded boot cache 0.04s 78MB C:/Users/Home/AppData/Local/UnrealEngine/4.24/DerivedDataCache/Boot.ddc.
[2020.01.16-20.38.01:388][  0]LogDerivedDataCache: Display: Loaded Boot cache: C:/Users/Home/AppData/Local/UnrealEngine/4.24/DerivedDataCache/Boot.ddc
[2020.01.16-20.38.01:388][  0]LogDerivedDataCache: FDerivedDataBackendGraph:  Pak pak cache file ../../../../../Unreal Projects/Third-Person-Platformer/ThirdPersonProject/DerivedDataCache/DDC.ddp not found, will not use a pak cache.
[2020.01.16-20.38.01:388][  0]LogDerivedDataCache: Unable to find inner node Pak for hierarchical cache Hierarchy.
[2020.01.16-20.38.01:389][  0]LogDerivedDataCache: FDerivedDataBackendGraph:  CompressedPak pak cache file ../../../../../Unreal Projects/Third-Person-Platformer/ThirdPersonProject/DerivedDataCache/Compressed.ddp not found, will not use a pak cache.
[2020.01.16-20.38.01:389][  0]LogDerivedDataCache: Unable to find inner node CompressedPak for hierarchical cache Hierarchy.
[2020.01.16-20.38.01:398][  0]LogDerivedDataCache: Display: Pak cache opened for reading ../../../Engine/DerivedDataCache/Compressed.ddp.
[2020.01.16-20.38.01:398][  0]LogDerivedDataCache: FDerivedDataBackendGraph:  EnterprisePak pak cache file ../../../Enterprise/DerivedDataCache/Compressed.ddp not found, will not use a pak cache.
[2020.01.16-20.38.01:398][  0]LogDerivedDataCache: Unable to find inner node EnterprisePak for hierarchical cache Hierarchy.
[2020.01.16-20.38.01:399][  0]LogDerivedDataCache: Using Local data cache path C:/Users/Home/AppData/Local/UnrealEngine/Common/DerivedDataCache: Writable
[2020.01.16-20.38.01:399][  0]LogDerivedDataCache: Shared data cache path not found in *engine.ini, will not use an Shared cache.
[2020.01.16-20.38.01:399][  0]LogDerivedDataCache: Unable to find inner node Shared for hierarchical cache Hierarchy.
[2020.01.16-20.38.01:420][  0]LogMaterial: Verifying Global Shaders for PCD3D_SM5
[2020.01.16-20.38.01:423][  0]LogSlate: Using FreeType 2.10.0
[2020.01.16-20.38.01:424][  0]LogSlate: SlateFontServices - WITH_FREETYPE: 1, WITH_HARFBUZZ: 1
[2020.01.16-20.38.01:534][  0]LogAssetRegistry: FAssetRegistry took 0.0021 seconds to start up
[2020.01.16-20.38.01:799][  0]LogInit: Selected Device Profile: [Windows]
[2020.01.16-20.38.01:955][  0]LogMeshReduction: Using QuadricMeshReduction for automatic static mesh reduction
[2020.01.16-20.38.01:955][  0]LogMeshReduction: Using SimplygonMeshReduction for automatic skeletal mesh reduction
[2020.01.16-20.38.01:955][  0]LogMeshReduction: Using ProxyLODMeshReduction for automatic mesh merging
[2020.01.16-20.38.01:955][  0]LogMeshReduction: No distributed automatic mesh merging module available
[2020.01.16-20.38.01:955][  0]LogMeshMerging: No distributed automatic mesh merging module available
[2020.01.16-20.38.01:970][  0]LogNetVersion: ThirdPersonProject 1.0.0, NetCL: 10570792, EngineNetVer: 13, GameNetVer: 0 (Checksum: 356587676)
[2020.01.16-20.38.04:116][  0]LogPackageLocalizationCache: Processed 10 localized package path(s) for 1 prioritized culture(s) in 0.193838 seconds
[2020.01.16-20.38.04:123][  0]LogUObjectArray: 46750 objects as part of root set at end of initial load.
[2020.01.16-20.38.04:123][  0]LogUObjectAllocator: 8137160 out of 0 bytes used by permanent object pool.
[2020.01.16-20.38.04:123][  0]LogUObjectArray: CloseDisregardForGC: 0/0 objects in disregard for GC pool
[2020.01.16-20.38.04:587][  0]LogTcpMessaging: Initializing TcpMessaging bridge
[2020.01.16-20.38.04:590][  0]LogUdpMessaging: Initializing bridge on interface 0.0.0.0:0 to multicast group 230.0.0.1:6666.
[2020.01.16-20.38.04:650][  0]SourceControl: Source control is disabled
[2020.01.16-20.38.04:650][  0]SourceControl: Source control is disabled
[2020.01.16-20.38.04:652][  0]SourceControl: Source control is disabled
[2020.01.16-20.38.04:654][  0]SourceControl: Source control is disabled
[2020.01.16-20.38.04:655][  0]SourceControl: Source control is disabled
[2020.01.16-20.38.04:756][  0]LogAndroidPermission: UAndroidPermissionCallbackProxy::GetInstance
[2020.01.16-20.38.04:772][  0]LogAudioCaptureCore: Display: No Audio Capture implementations found. Audio input will be silent.
[2020.01.16-20.38.04:772][  0]LogAudioCaptureCore: Display: No Audio Capture implementations found. Audio input will be silent.
[2020.01.16-20.38.04:857][  0]LogOcInput: OculusInput pre-init called
[2020.01.16-20.38.04:865][  0]LogWindows: Failed to load 'OVRPlugin.dll' (GetLastError=126)
[2020.01.16-20.38.04:865][  0]LogWindows: File 'OVRPlugin.dll' does not exist
[2020.01.16-20.38.04:934][  0]LogEngine: Initializing Engine...
[2020.01.16-20.38.04:936][  0]LogHMD: Failed to initialize OpenVR with code 110
[2020.01.16-20.38.04:936][  0]LogStats: UGameplayTagsManager::InitializeManager -  0.000 s
[2020.01.16-20.38.05:261][  0]LogInit: Initializing FReadOnlyCVARCache
[2020.01.16-20.38.05:268][  0]LogAIModule: Creating AISystem for world Untitled
[2020.01.16-20.38.05:287][  0]LogAudioMixer: Display: Audio Mixer Platform Settings:
[2020.01.16-20.38.05:287][  0]LogAudioMixer: Display: 	Sample Rate:						  48000
[2020.01.16-20.38.05:287][  0]LogAudioMixer: Display: 	Callback Buffer Frame Size Requested: 1024
[2020.01.16-20.38.05:287][  0]LogAudioMixer: Display: 	Callback Buffer Frame Size To Use:	  1024
[2020.01.16-20.38.05:287][  0]LogAudioMixer: Display: 	Number of buffers to queue:			  2
[2020.01.16-20.38.05:287][  0]LogAudioMixer: Display: 	Max Channels (voices):				  32
[2020.01.16-20.38.05:287][  0]LogAudioMixer: Display: 	Number of Async Source Workers:		  0
[2020.01.16-20.38.05:287][  0]LogAudio: Display: AudioDevice MaxSources: 32
[2020.01.16-20.38.05:287][  0]LogAudio: Display: Using built-in audio occlusion.
[2020.01.16-20.38.05:287][  0]LogAudioMixer: Display: Initializing audio mixer.
[2020.01.16-20.38.05:369][  0]LogAudioMixer: Display: Audio Device Output Speaker Info:
[2020.01.16-20.38.05:369][  0]LogAudioMixer: Display: Name: Speakers (2- Realtek(R) Audio)
[2020.01.16-20.38.05:369][  0]LogAudioMixer: Display: Is Default: Yes
[2020.01.16-20.38.05:369][  0]LogAudioMixer: Display: Sample Rate: 48000
[2020.01.16-20.38.05:369][  0]LogAudioMixer: Display: Channel Count Used: 8
[2020.01.16-20.38.05:369][  0]LogAudioMixer: Display: Device Channel Count: 8
[2020.01.16-20.38.05:369][  0]LogAudioMixer: Display: Channel Order:
[2020.01.16-20.38.05:369][  0]LogAudioMixer: Display: 0: FrontLeft
[2020.01.16-20.38.05:369][  0]LogAudioMixer: Display: 1: FrontRight
[2020.01.16-20.38.05:369][  0]LogAudioMixer: Display: 2: FrontCenter
[2020.01.16-20.38.05:369][  0]LogAudioMixer: Display: 3: LowFrequency
[2020.01.16-20.38.05:369][  0]LogAudioMixer: Display: 4: BackLeft
[2020.01.16-20.38.05:369][  0]LogAudioMixer: Display: 5: BackRight
[2020.01.16-20.38.05:369][  0]LogAudioMixer: Display: 6: SideLeft
[2020.01.16-20.38.05:369][  0]LogAudioMixer: Display: 7: SideRight
[2020.01.16-20.38.05:529][  0]LogAudioMixer: Display: Using Audio Device Speakers (2- Realtek(R) Audio)
[2020.01.16-20.38.05:533][  0]LogInit: FAudioDevice initialized.
[2020.01.16-20.38.05:534][  0]LogNetVersion: Set ProjectVersion to 1.0.0.0. Version Checksum will be recalculated on next use.
[2020.01.16-20.38.05:613][  0]LogDerivedDataCache: Saved boot cache 0.08s 78MB C:/Users/Home/AppData/Local/UnrealEngine/4.24/DerivedDataCache/Boot.ddc.
[2020.01.16-20.38.05:614][  0]LogInit: Texture streaming: Enabled
[2020.01.16-20.38.05:625][  0]LogEngineSessionManager: EngineSessionManager initialized
[2020.01.16-20.38.05:625][  0]LogEditorSessionSummary: Verbose: Initializing EditorSessionSummaryWriter for editor session tracking
[2020.01.16-20.38.05:627][  0]LogEditorSessionSummary: EditorSessionSummaryWriter initialized
[2020.01.16-20.38.05:880][  0]LogInit: Transaction tracking system initialized
[2020.01.16-20.38.05:893][  0]BlueprintLog: New page: Editor Load
[2020.01.16-20.38.05:936][  0]LocalizationService: Localization service is disabled
[2020.01.16-20.38.06:238][  0]LogCook: Display: Max memory allowance for cook 16384mb min free memory 0mb
[2020.01.16-20.38.06:238][  0]LogFileCache: Scanning file cache for directory 'D:/Unreal Projects/Third-Person-Platformer/ThirdPersonProject/Content/' took 0.01s
[2020.01.16-20.38.06:238][  0]LogCook: Display: Mobile HDR setting 1
[2020.01.16-20.38.06:997][  0]SourceControl: Source control is disabled
[2020.01.16-20.38.07:319][  0]LogSlate: Took 0.000567 seconds to synchronously load lazily loaded font '../../../Engine/Content/Slate/Fonts/Roboto-Regular.ttf' (155K)
[2020.01.16-20.38.15:088][  0]LogSlate: Window 'Restore Packages' being destroyed
[2020.01.16-20.38.15:088][  0]LogWindowsTextInputMethodSystem: Display: IME system now deactivated.
[2020.01.16-20.38.15:092][  0]LogWindowsTextInputMethodSystem: Display: IME system now deactivated.
[2020.01.16-20.38.16:528][  0]LogSlate: Window 'Unable to Check Out From Source Control!' being destroyed
[2020.01.16-20.38.16:529][  0]LogWindowsTextInputMethodSystem: Display: IME system now deactivated.
[2020.01.16-20.38.16:532][  0]LogWindowsTextInputMethodSystem: Display: IME system now deactivated.
[2020.01.16-20.38.17:613][  0]Cmd: MAP LOAD FILE="../../../../../Unreal Projects/Third-Person-Platformer/ThirdPersonProject/Content/ThirdPersonBP/Maps/ThirdPersonExampleMap.umap" TEMPLATE=0 SHOWPROGRESS=1 FEATURELEVEL=3
[2020.01.16-20.38.17:615][  0]LightingResults: New page: Lighting Build
[2020.01.16-20.38.17:617][  0]LogWorld: UWorld::CleanupWorld for Untitled, bSessionEnded=true, bCleanupResources=true
[2020.01.16-20.38.17:617][  0]LogSlate: InvalidateAllWidgets triggered.  All widgets were invalidated
[2020.01.16-20.38.17:618][  0]MapCheck: New page: Map Check
[2020.01.16-20.38.17:618][  0]LightingResults: New page: Lighting Build
[2020.01.16-20.38.17:675][  0]LogUObjectHash: Compacting FUObjectHashTables data took   2.11ms
[2020.01.16-20.38.20:180][  0]LogTexture: Display: Building textures: HQ_Lightmap1_11 (AutoDXT, 128X128)
[2020.01.16-20.38.20:180][  0]LogTexture: Display: Building textures: HQ_Lightmap1_10 (AutoDXT, 256X256)
[2020.01.16-20.38.20:180][  0]LogTexture: Display: Building textures: HQ_Lightmap1_18 (AutoDXT, 256X256)
[2020.01.16-20.38.20:180][  0]LogTexture: Display: Building textures: HQ_Lightmap1_13 (AutoDXT, 256X256)
[2020.01.16-20.38.20:180][  0]LogTexture: Display: Building textures: HQ_Lightmap1_12 (AutoDXT, 256X256)
[2020.01.16-20.38.20:180][  0]LogTexture: Display: Building textures: HQ_Lightmap1_14 (AutoDXT, 256X256)
[2020.01.16-20.38.20:180][  0]LogTexture: Display: Building textures: HQ_Lightmap1_17 (AutoDXT, 128X128)
[2020.01.16-20.38.20:180][  0]LogTexture: Display: Building textures: HQ_Lightmap1_15 (AutoDXT, 512X512)
[2020.01.16-20.38.20:180][  0]LogTexture: Display: Building textures: HQ_Lightmap1_16 (AutoDXT, 512X512)
[2020.01.16-20.38.20:453][  0]LogTexture: Display: Building textures: HQ_Lightmap1_1 (AutoDXT, 1024X1024)
[2020.01.16-20.38.20:453][  0]LogTexture: Display: Building textures: HQ_Lightmap1_20 (AutoDXT, 128X128)
[2020.01.16-20.38.20:453][  0]LogTexture: Display: Building textures: HQ_Lightmap1_23 (AutoDXT, 128X128)
[2020.01.16-20.38.20:453][  0]LogTexture: Display: Building textures: HQ_Lightmap1_22 (AutoDXT, 128X128)
[2020.01.16-20.38.20:453][  0]LogTexture: Display: Building textures: HQ_Lightmap1_19 (AutoDXT, 128X128)
[2020.01.16-20.38.20:453][  0]LogTexture: Display: Building textures: HQ_Lightmap1_21 (AutoDXT, 128X128)
[2020.01.16-20.38.20:453][  0]LogTexture: Display: Building textures: HQ_Lightmap1_24 (AutoDXT, 128X128)
[2020.01.16-20.38.20:453][  0]LogTexture: Display: Building textures: HQ_Lightmap1_2 (AutoDXT, 512X512)
[2020.01.16-20.38.20:453][  0]LogTexture: Display: Building textures: HQ_Lightmap1_25 (AutoDXT, 64X64)
[2020.01.16-20.38.20:453][  0]LogTexture: Display: Building textures: HQ_Lightmap1_3 (AutoDXT, 256X256)
[2020.01.16-20.38.20:453][  0]LogTexture: Display: Building textures: HQ_Lightmap1_4 (AutoDXT, 256X256)
[2020.01.16-20.38.20:453][  0]LogTexture: Display: Building textures: HQ_Lightmap1_5 (AutoDXT, 512X512)
[2020.01.16-20.38.20:453][  0]LogTexture: Display: Building textures: HQ_Lightmap1_6 (AutoDXT, 256X256)
[2020.01.16-20.38.20:453][  0]LogTexture: Display: Building textures: HQ_Lightmap1_7 (AutoDXT, 256X256)
[2020.01.16-20.38.20:453][  0]LogTexture: Display: Building textures: HQ_Lightmap1_8 (AutoDXT, 256X256)
[2020.01.16-20.38.20:453][  0]LogTexture: Display: Building textures: HQ_Lightmap1_9 (AutoDXT, 256X256)
[2020.01.16-20.38.20:453][  0]LogTexture: Display: Building textures: LQ_Lightmap_1_11 (DXT1, 128X128)
[2020.01.16-20.38.20:453][  0]LogTexture: Display: Building textures: LQ_Lightmap_1_10 (DXT1, 256X256)
[2020.01.16-20.38.20:453][  0]LogTexture: Display: Building textures: LQ_Lightmap_1_12 (DXT1, 256X256)
[2020.01.16-20.38.20:453][  0]LogTexture: Display: Building textures: LQ_Lightmap_1_13 (DXT1, 256X256)
[2020.01.16-20.38.20:453][  0]LogTexture: Display: Building textures: LQ_Lightmap_1_14 (DXT1, 256X256)
[2020.01.16-20.38.20:453][  0]LogTexture: Display: Building textures: LQ_Lightmap_1_16 (DXT1, 512X512)
[2020.01.16-20.38.20:453][  0]LogTexture: Display: Building textures: LQ_Lightmap_1_1 (DXT1, 1024X1024)
[2020.01.16-20.38.20:453][  0]LogTexture: Display: Building textures: LQ_Lightmap_1_15 (DXT1, 512X512)
[2020.01.16-20.38.20:453][  0]LogTexture: Display: Building textures: LQ_Lightmap_1_17 (DXT1, 128X128)
[2020.01.16-20.38.20:994][  0]LogTexture: Display: Building textures: LQ_Lightmap_1_19 (DXT1, 128X128)
[2020.01.16-20.38.20:994][  0]LogTexture: Display: Building textures: LQ_Lightmap_1_18 (DXT1, 256X256)
[2020.01.16-20.38.20:994][  0]LogTexture: Display: Building textures: LQ_Lightmap_1_20 (DXT1, 128X128)
[2020.01.16-20.38.20:994][  0]LogTexture: Display: Building textures: LQ_Lightmap_1_2 (DXT1, 512X512)
[2020.01.16-20.38.20:994][  0]LogTexture: Display: Building textures: LQ_Lightmap_1_21 (DXT1, 128X128)
[2020.01.16-20.38.20:994][  0]LogTexture: Display: Building textures: LQ_Lightmap_1_22 (DXT1, 128X128)
[2020.01.16-20.38.20:994][  0]LogTexture: Display: Building textures: LQ_Lightmap_1_23 (DXT1, 128X128)
[2020.01.16-20.38.20:994][  0]LogTexture: Display: Building textures: LQ_Lightmap_1_24 (DXT1, 128X128)
[2020.01.16-20.38.20:994][  0]LogTexture: Display: Building textures: LQ_Lightmap_1_25 (DXT1, 64X64)
[2020.01.16-20.38.20:994][  0]LogTexture: Display: Building textures: LQ_Lightmap_1_3 (DXT1, 256X256)
[2020.01.16-20.38.20:994][  0]LogTexture: Display: Building textures: LQ_Lightmap_1_4 (DXT1, 256X256)
[2020.01.16-20.38.20:994][  0]LogTexture: Display: Building textures: LQ_Lightmap_1_7 (DXT1, 256X256)
[2020.01.16-20.38.20:994][  0]LogTexture: Display: Building textures: LQ_Lightmap_1_6 (DXT1, 256X256)
[2020.01.16-20.38.20:994][  0]LogTexture: Display: Building textures: LQ_Lightmap_1_9 (DXT1, 256X256)
[2020.01.16-20.38.20:994][  0]LogTexture: Display: Building textures: LQ_Lightmap_1_8 (DXT1, 256X256)
[2020.01.16-20.38.20:994][  0]LogTexture: Display: Building textures: LQ_Lightmap_1_5 (DXT1, 512X512)
[2020.01.16-20.38.20:994][  0]LogTexture: Display: Building textures: SkyOcclusion1_1 (AutoDXT, 1024X512)
[2020.01.16-20.38.20:994][  0]LogTexture: Display: Building textures: SkyOcclusion1_11 (AutoDXT, 128X64)
[2020.01.16-20.38.20:994][  0]LogTexture: Display: Building textures: SkyOcclusion1_10 (AutoDXT, 256X128)
[2020.01.16-20.38.20:994][  0]LogTexture: Display: Building textures: SkyOcclusion1_14 (AutoDXT, 256X128)
[2020.01.16-20.38.20:994][  0]LogTexture: Display: Building textures: SkyOcclusion1_12 (AutoDXT, 256X128)
[2020.01.16-20.38.20:994][  0]LogTexture: Display: Building textures: SkyOcclusion1_13 (AutoDXT, 256X128)
[2020.01.16-20.38.20:994][  0]LogTexture: Display: Building textures: SkyOcclusion1_17 (AutoDXT, 128X64)
[2020.01.16-20.38.20:994][  0]LogTexture: Display: Building textures: SkyOcclusion1_16 (AutoDXT, 512X256)
[2020.01.16-20.38.20:994][  0]LogTexture: Display: Building textures: SkyOcclusion1_15 (AutoDXT, 512X256)
[2020.01.16-20.38.20:994][  0]LogTexture: Display: Building textures: SkyOcclusion1_18 (AutoDXT, 256X128)
[2020.01.16-20.38.20:994][  0]LogTexture: Display: Building textures: SkyOcclusion1_19 (AutoDXT, 128X64)
[2020.01.16-20.38.20:994][  0]LogTexture: Display: Building textures: SkyOcclusion1_2 (AutoDXT, 512X256)
[2020.01.16-20.38.20:994][  0]LogTexture: Display: Building textures: SkyOcclusion1_20 (AutoDXT, 128X64)
[2020.01.16-20.38.20:994][  0]LogTexture: Display: Building textures: SkyOcclusion1_21 (AutoDXT, 128X64)
[2020.01.16-20.38.20:994][  0]LogTexture: Display: Building textures: SkyOcclusion1_25 (AutoDXT, 64X32)
[2020.01.16-20.38.20:994][  0]LogTexture: Display: Building textures: SkyOcclusion1_22 (AutoDXT, 128X64)
[2020.01.16-20.38.20:994][  0]LogTexture: Display: Building textures: SkyOcclusion1_23 (AutoDXT, 128X64)
[2020.01.16-20.38.20:994][  0]LogTexture: Display: Building textures: SkyOcclusion1_24 (AutoDXT, 128X64)
[2020.01.16-20.38.20:994][  0]LogTexture: Display: Building textures: SkyOcclusion1_4 (AutoDXT, 256X128)
[2020.01.16-20.38.20:994][  0]LogTexture: Display: Building textures: SkyOcclusion1_3 (AutoDXT, 256X128)
[2020.01.16-20.38.20:994][  0]LogTexture: Display: Building textures: SkyOcclusion1_6 (AutoDXT, 256X128)
[2020.01.16-20.38.20:994][  0]LogTexture: Display: Building textures: SkyOcclusion1_5 (AutoDXT, 512X256)
[2020.01.16-20.38.20:995][  0]LogTexture: Display: Building textures: SkyOcclusion1_7 (AutoDXT, 256X128)
[2020.01.16-20.38.20:995][  0]LogTexture: Display: Building textures: SkyOcclusion1_8 (AutoDXT, 256X128)
[2020.01.16-20.38.20:995][  0]LogTexture: Display: Building textures: SkyOcclusion1_9 (AutoDXT, 256X128)
[2020.01.16-20.38.20:997][  0]LogAIModule: Creating AISystem for world ThirdPersonExampleMap
[2020.01.16-20.38.21:369][  0]LogEditorServer: Finished looking for orphan Actors (0.000 secs)
[2020.01.16-20.38.21:429][  0]LogUObjectHash: Compacting FUObjectHashTables data took   2.02ms
[2020.01.16-20.38.21:434][  0]Cmd: MAP CHECKDEP NOCLEARLOG
[2020.01.16-20.38.21:434][  0]MapCheck: Map check complete: 0 Error(s), 0 Warning(s), took 0.105ms to complete.
[2020.01.16-20.38.21:434][  0]LogFileHelpers: Loading map 'ThirdPersonExampleMap' took 3.821
[2020.01.16-20.38.21:832][  0]LogSlate: Updating window title bar state: overlay mode, drag disabled, window buttons hidden, title bar hidden
[2020.01.16-20.38.21:857][  0]LogSlate: Updating window title bar state: overlay mode, drag disabled, window buttons hidden, title bar hidden
[2020.01.16-20.38.21:873][  0]LogSlate: Updating window title bar state: overlay mode, drag disabled, window buttons hidden, title bar hidden
[2020.01.16-20.38.21:886][  0]LogSlate: Updating window title bar state: overlay mode, drag disabled, window buttons hidden, title bar hidden
[2020.01.16-20.38.21:951][  0]LogCollectionManager: Loaded 0 collections in 0.013677 seconds
[2020.01.16-20.38.22:114][  0]LogFileCache: Scanning file cache for directory 'D:/Unreal Projects/Third-Person-Platformer/ThirdPersonProject/Saved/Collections/' took 0.00s
[2020.01.16-20.38.22:114][  0]LogFileCache: Scanning file cache for directory 'D:/Unreal Projects/Third-Person-Platformer/ThirdPersonProject/Content/Developers/Home/Collections/' took 0.00s
[2020.01.16-20.38.22:114][  0]LogFileCache: Scanning file cache for directory 'D:/Unreal Projects/Third-Person-Platformer/ThirdPersonProject/Content/Collections/' took 0.00s
[2020.01.16-20.38.22:114][  0]LogContentBrowser: Native class hierarchy populated in 0.0308 seconds. Added 3015 classes and 717 folders.
[2020.01.16-20.38.22:174][  0]LogContentBrowser: Native class hierarchy updated for 'WidgetCarousel' in 0.0011 seconds. Added 0 classes and 0 folders.
[2020.01.16-20.38.23:621][  0]LogContentBrowser: Native class hierarchy updated for 'AddContentDialog' in 0.0003 seconds. Added 0 classes and 0 folders.
[2020.01.16-20.38.23:686][  0]LogContentBrowser: Native class hierarchy updated for 'SceneOutliner' in 0.0003 seconds. Added 2 classes and 3 folders.
[2020.01.16-20.38.24:559][  0]LogSlate: Took 0.000668 seconds to synchronously load lazily loaded font '../../../Engine/Content/Slate/Fonts/Roboto-Bold.ttf' (160K)
[2020.01.16-20.38.24:778][  0]LogRenderer: Reallocating scene render targets to support 868x452 Format 10 NumSamples 1 (Frame:1).
[2020.01.16-20.38.24:971][  0]LogContentBrowser: Native class hierarchy updated for 'HierarchicalLODOutliner' in 0.0003 seconds. Added 0 classes and 0 folders.
[2020.01.16-20.38.24:971][  0]LogLoad: (Engine Initialization) Total time: 28.36 seconds
[2020.01.16-20.38.24:971][  0]LogLoad: (Engine Initialization) Total Blueprint compile time: 0.00 seconds
[2020.01.16-20.38.25:072][  0]LogContentStreaming: Texture pool size now 1000 MB
[2020.01.16-20.38.25:397][  4]LogAssetRegistry: Asset discovery search completed in 23.8633 seconds
[2020.01.16-20.38.25:402][  4]LogCollectionManager: Fixed up redirectors for 0 collections in 0.000008 seconds (updated 0 objects)
[2020.01.16-20.38.26:563][  7]LogSlate: Took 0.012932 seconds to synchronously load lazily loaded font '../../../Engine/Content/Slate/Fonts/Roboto-Light.ttf' (167K)
[2020.01.16-20.42.38:468][801]LogSlate: Took 0.339358 seconds to synchronously load lazily loaded font '../../../Engine/Content/Editor/Slate/Fonts/FontAwesome.ttf' (139K)
[2020.01.16-20.42.38:601][801]LogSlate: Took 0.000786 seconds to synchronously load lazily loaded font '../../../Engine/Content/Slate/Fonts/Roboto-Light.ttf' (167K)
[2020.01.16-20.42.51:962][581]LogSlate: Took 0.019826 seconds to synchronously load lazily loaded font '../../../Engine/Content/Slate/Fonts/DroidSansMono.ttf' (77K)
[2020.01.16-20.43.00:395][ 77]MapCheck: New page: Map Check
[2020.01.16-20.43.01:045][ 77]Cmd: MAP REBUILD ALLVISIBLE
[2020.01.16-20.43.01:046][ 77]LogEditorServer: Rebuildmap Clear paths rebuilt
[2020.01.16-20.43.16:566][ 77]LogWorld: UWorld::CleanupWorld for ThirdPersonExampleMap, bSessionEnded=true, bCleanupResources=false
[2020.01.16-20.43.17:745][ 77]LightingResults: New page: Lighting Build - Jan 16, 2020, 4:43:17 AM
[2020.01.16-20.43.18:126][ 77]LogSwarmInterface: [OpenConnection] Registering TCP channel ...
[2020.01.16-20.43.18:204][ 77]LogSwarmInterface: [OpenConnection] Connecting to agent ...
[2020.01.16-20.43.18:236][ 77]LogSwarmInterface: [TryOpenConnection] Testing the Agent
[2020.01.16-20.43.18:791][ 77]LogSwarmInterface: [TryOpenConnection] Opening Connection to Agent
[2020.01.16-20.43.18:791][ 77]LogSwarmInterface: [TryOpenConnection] Local Process ID is 15852
[2020.01.16-20.43.21:140][ 77]LogStaticLightingSystem: Running Lightmass w/ ImmediateImport mode ENABLED
[2020.01.16-20.43.21:140][ 77]LogStaticLightingSystem: Running Lightmass w/ ImmediateProcess mode ENABLED
[2020.01.16-20.43.21:140][ 77]LogStaticLightingSystem: Running Lightmass w/ Sorting mode ENABLED
[2020.01.16-20.43.21:141][ 77]LogStaticLightingSystem: Running Lightmass w/ Mapping paddings ENABLED
[2020.01.16-20.43.21:141][ 77]LogStaticLightingSystem: Running Lightmass w/ Mapping debug paddings DISABLED
[2020.01.16-20.43.21:631][ 77]LogEditorBuildUtils: Build time 0:20
[2020.01.16-20.43.21:829][ 80]LogUObjectHash: Compacting FUObjectHashTables data took   1.51ms
[2020.01.16-20.43.27:689][362]LogAssetEditorSubsystem: Opening Asset editor for Blueprint /Game/TPGame/TPHUD.TPHUD
[2020.01.16-20.43.28:420][362]LogContentBrowser: Native class hierarchy updated for 'BlueprintGraph' in 0.0008 seconds. Added 121 classes and 0 folders.
[2020.01.16-20.43.30:815][362]Job is a success!
[2020.01.16-20.43.31:312][362]LogLinker: Warning: Failed to load '/Game/ThirdPersonBP/Maps/ThirdPersonExampleMap.ThirdPersonExampleMap:PersistentLevel.ThirdPersonExampleMap': Can't resolve asset name
[2020.01.16-20.43.31:348][362]LogAssetEditorSubsystem: Opening Asset editor for Blueprint /Game/TPGame/Enemy.Enemy
[2020.01.16-20.43.31:653][362]LogAssetEditorSubsystem: Opening Asset editor for WidgetBlueprint /Game/TPGame/Menus/LoseScreen.LoseScreen
[2020.01.16-20.43.33:713][362]LightingResults: Warning: <None> Object has overlapping UVs.
[2020.01.16-20.43.33:713][362]LightingResults: <None> Lightmap UV are overlapping by 1.3%. Please adjust content - Enable Error Coloring to visualize.
[2020.01.16-20.43.33:713][362]LightingResults: Warning: <None> Object has overlapping UVs.
[2020.01.16-20.43.33:713][362]LightingResults: <None> Lightmap UV are overlapping by 1.3%. Please adjust content - Enable Error Coloring to visualize.
[2020.01.16-20.43.33:724][362]LogSlate: Took 0.000909 seconds to synchronously load lazily loaded font '../../../Engine/Content/Slate/Fonts/Roboto-BoldCondensed.ttf' (158K)
[2020.01.16-20.43.34:090][363]LogVolumetricLightmapImport: Imported Volumetric Lightmap in 0.011s
[2020.01.16-20.43.34:090][363]LogVolumetricLightmapImport:      Indirection Texture 16x16x16 = 0.0Mb
[2020.01.16-20.43.34:090][363]LogVolumetricLightmapImport:      BrickData (all levels) 0.1Mb (trimmed 0.1Mb due to 0.010000 MinBrickError)
[2020.01.16-20.43.34:090][363]LogVolumetricLightmapImport:      Bricks at depth
[2020.01.16-20.43.34:090][363]LogVolumetricLightmapImport:          0: 4.0% covering 100.0% of volume
[2020.01.16-20.43.34:090][363]LogVolumetricLightmapImport:          1: 16.0% covering 6.3% of volume
[2020.01.16-20.43.34:090][363]LogVolumetricLightmapImport:          2: 80.0% covering 0.5% of volume
[2020.01.16-20.43.34:090][363]LogVolumetricLightmapImport:      Bricks in each level
[2020.01.16-20.43.34:090][363]LogVolumetricLightmapImport:          ThirdPersonExampleMap 			 25 bricks 	 100.0% (Persistent Level)
[2020.01.16-20.43.35:050][363]LogTexture: Display: Building textures: LQ_Lightmap_0_1 (DXT1, 1024X1024)
[2020.01.16-20.43.35:050][363]LogTexture: Display: Building textures: SkyOcclusion0_2 (AutoDXT, 512X256)
[2020.01.16-20.43.35:050][363]LogTexture: Display: Building textures: HQ_Lightmap0_2 (AutoDXT, 512X512)
[2020.01.16-20.43.35:050][363]LogTexture: Display: Building textures: HQ_Lightmap0_1 (AutoDXT, 1024X1024)
[2020.01.16-20.43.35:050][363]LogTexture: Display: Building textures: SkyOcclusion0_1 (AutoDXT, 1024X512)
[2020.01.16-20.43.35:050][363]LogTexture: Display: Building textures: LQ_Lightmap_0_2 (DXT1, 512X512)
[2020.01.16-20.43.35:050][363]LogTexture: Display: Building textures: SkyOcclusion0_3 (AutoDXT, 256X128)
[2020.01.16-20.43.35:050][363]LogTexture: Display: Building textures: HQ_Lightmap0_3 (AutoDXT, 256X256)
[2020.01.16-20.43.35:050][363]LogTexture: Display: Building textures: LQ_Lightmap_0_3 (DXT1, 256X256)
[2020.01.16-20.43.35:050][363]LogTexture: Display: Building textures: SkyOcclusion0_4 (AutoDXT, 256X128)
[2020.01.16-20.43.35:050][363]LogTexture: Display: Building textures: HQ_Lightmap0_4 (AutoDXT, 256X256)
[2020.01.16-20.43.35:050][363]LogTexture: Display: Building textures: LQ_Lightmap_0_4 (DXT1, 256X256)
[2020.01.16-20.43.35:050][363]LogTexture: Display: Building textures: SkyOcclusion0_5 (AutoDXT, 256X128)
[2020.01.16-20.43.35:050][363]LogTexture: Display: Building textures: HQ_Lightmap0_5 (AutoDXT, 256X256)
[2020.01.16-20.43.35:050][363]LogTexture: Display: Building textures: LQ_Lightmap_0_5 (DXT1, 256X256)
[2020.01.16-20.43.35:050][363]LogTexture: Display: Building textures: SkyOcclusion0_6 (AutoDXT, 512X256)
[2020.01.16-20.43.35:050][363]LogTexture: Display: Building textures: HQ_Lightmap0_6 (AutoDXT, 512X512)
[2020.01.16-20.43.35:050][363]LogTexture: Display: Building textures: LQ_Lightmap_0_6 (DXT1, 512X512)
[2020.01.16-20.43.35:050][363]LogTexture: Display: Building textures: SkyOcclusion0_7 (AutoDXT, 256X128)
[2020.01.16-20.43.35:050][363]LogTexture: Display: Building textures: HQ_Lightmap0_7 (AutoDXT, 256X256)
[2020.01.16-20.43.35:050][363]LogTexture: Display: Building textures: LQ_Lightmap_0_7 (DXT1, 256X256)
[2020.01.16-20.43.35:050][363]LogTexture: Display: Building textures: SkyOcclusion0_8 (AutoDXT, 256X128)
[2020.01.16-20.43.35:050][363]LogTexture: Display: Building textures: HQ_Lightmap0_8 (AutoDXT, 256X256)
[2020.01.16-20.43.35:050][363]LogTexture: Display: Building textures: LQ_Lightmap_0_8 (DXT1, 256X256)
[2020.01.16-20.43.35:050][363]LogTexture: Display: Building textures: SkyOcclusion0_9 (AutoDXT, 256X128)
[2020.01.16-20.43.35:050][363]LogTexture: Display: Building textures: HQ_Lightmap0_9 (AutoDXT, 256X256)
[2020.01.16-20.43.35:050][363]LogTexture: Display: Building textures: LQ_Lightmap_0_9 (DXT1, 256X256)
[2020.01.16-20.43.35:050][363]LogTexture: Display: Building textures: SkyOcclusion0_10 (AutoDXT, 256X128)
[2020.01.16-20.43.35:050][363]LogTexture: Display: Building textures: HQ_Lightmap0_10 (AutoDXT, 256X256)
[2020.01.16-20.43.35:050][363]LogTexture: Display: Building textures: LQ_Lightmap_0_10 (DXT1, 256X256)
[2020.01.16-20.43.35:050][363]LogTexture: Display: Building textures: SkyOcclusion0_11 (AutoDXT, 256X128)
[2020.01.16-20.43.35:050][363]LogTexture: Display: Building textures: HQ_Lightmap0_11 (AutoDXT, 256X256)
[2020.01.16-20.43.35:050][363]LogTexture: Display: Building textures: LQ_Lightmap_0_11 (DXT1, 256X256)
[2020.01.16-20.43.35:050][363]LogTexture: Display: Building textures: SkyOcclusion0_12 (AutoDXT, 128X64)
[2020.01.16-20.43.35:050][363]LogTexture: Display: Building textures: HQ_Lightmap0_12 (AutoDXT, 128X128)
[2020.01.16-20.43.35:050][363]LogTexture: Display: Building textures: LQ_Lightmap_0_12 (DXT1, 128X128)
[2020.01.16-20.43.35:050][363]LogTexture: Display: Building textures: SkyOcclusion0_13 (AutoDXT, 256X128)
[2020.01.16-20.43.35:050][363]LogTexture: Display: Building textures: HQ_Lightmap0_13 (AutoDXT, 256X256)
[2020.01.16-20.43.35:050][363]LogTexture: Display: Building textures: LQ_Lightmap_0_13 (DXT1, 256X256)
[2020.01.16-20.43.35:050][363]LogTexture: Display: Building textures: SkyOcclusion0_14 (AutoDXT, 128X64)
[2020.01.16-20.43.35:050][363]LogTexture: Display: Building textures: HQ_Lightmap0_14 (AutoDXT, 128X128)
[2020.01.16-20.43.35:050][363]LogTexture: Display: Building textures: LQ_Lightmap_0_14 (DXT1, 128X128)
[2020.01.16-20.43.35:050][363]LogTexture: Display: Building textures: SkyOcclusion0_15 (AutoDXT, 512X256)
[2020.01.16-20.43.35:050][363]LogTexture: Display: Building textures: HQ_Lightmap0_15 (AutoDXT, 512X512)
[2020.01.16-20.43.35:050][363]LogTexture: Display: Building textures: LQ_Lightmap_0_15 (DXT1, 512X512)
[2020.01.16-20.43.35:050][363]LogTexture: Display: Building textures: SkyOcclusion0_16 (AutoDXT, 512X256)
[2020.01.16-20.43.35:050][363]LogTexture: Display: Building textures: HQ_Lightmap0_16 (AutoDXT, 512X512)
[2020.01.16-20.43.35:051][363]LogTexture: Display: Building textures: LQ_Lightmap_0_16 (DXT1, 512X512)
[2020.01.16-20.43.35:051][363]LogTexture: Display: Building textures: SkyOcclusion0_17 (AutoDXT, 128X64)
[2020.01.16-20.43.35:051][363]LogTexture: Display: Building textures: HQ_Lightmap0_17 (AutoDXT, 128X128)
[2020.01.16-20.43.35:051][363]LogTexture: Display: Building textures: LQ_Lightmap_0_17 (DXT1, 128X128)
[2020.01.16-20.43.35:051][363]LogTexture: Display: Building textures: SkyOcclusion0_18 (AutoDXT, 256X128)
[2020.01.16-20.43.35:051][363]LogTexture: Display: Building textures: HQ_Lightmap0_18 (AutoDXT, 256X256)
[2020.01.16-20.43.35:051][363]LogTexture: Display: Building textures: LQ_Lightmap_0_18 (DXT1, 256X256)
[2020.01.16-20.43.35:051][363]LogTexture: Display: Building textures: SkyOcclusion0_19 (AutoDXT, 128X64)
[2020.01.16-20.43.35:051][363]LogTexture: Display: Building textures: HQ_Lightmap0_19 (AutoDXT, 128X128)
[2020.01.16-20.43.35:051][363]LogTexture: Display: Building textures: LQ_Lightmap_0_19 (DXT1, 128X128)
[2020.01.16-20.43.35:051][363]LogTexture: Display: Building textures: SkyOcclusion0_20 (AutoDXT, 128X64)
[2020.01.16-20.43.35:051][363]LogTexture: Display: Building textures: HQ_Lightmap0_20 (AutoDXT, 128X128)
[2020.01.16-20.43.35:051][363]LogTexture: Display: Building textures: LQ_Lightmap_0_20 (DXT1, 128X128)
[2020.01.16-20.43.35:051][363]LogTexture: Display: Building textures: SkyOcclusion0_21 (AutoDXT, 128X64)
[2020.01.16-20.43.35:051][363]LogTexture: Display: Building textures: HQ_Lightmap0_21 (AutoDXT, 128X128)
[2020.01.16-20.43.35:051][363]LogTexture: Display: Building textures: LQ_Lightmap_0_21 (DXT1, 128X128)
[2020.01.16-20.43.35:051][363]LogTexture: Display: Building textures: SkyOcclusion0_22 (AutoDXT, 128X64)
[2020.01.16-20.43.35:051][363]LogTexture: Display: Building textures: HQ_Lightmap0_22 (AutoDXT, 128X128)
[2020.01.16-20.43.35:051][363]LogTexture: Display: Building textures: LQ_Lightmap_0_22 (DXT1, 128X128)
[2020.01.16-20.43.35:051][363]LogTexture: Display: Building textures: SkyOcclusion0_23 (AutoDXT, 128X64)
[2020.01.16-20.43.35:051][363]LogTexture: Display: Building textures: HQ_Lightmap0_23 (AutoDXT, 128X128)
[2020.01.16-20.43.35:051][363]LogTexture: Display: Building textures: LQ_Lightmap_0_23 (DXT1, 128X128)
[2020.01.16-20.43.35:051][363]LogTexture: Display: Building textures: SkyOcclusion0_24 (AutoDXT, 128X64)
[2020.01.16-20.43.35:051][363]LogTexture: Display: Building textures: HQ_Lightmap0_24 (AutoDXT, 128X128)
[2020.01.16-20.43.35:051][363]LogTexture: Display: Building textures: LQ_Lightmap_0_24 (DXT1, 128X128)
[2020.01.16-20.43.35:051][363]LogTexture: Display: Building textures: SkyOcclusion0_25 (AutoDXT, 64X32)
[2020.01.16-20.43.35:051][363]LogTexture: Display: Building textures: HQ_Lightmap0_25 (AutoDXT, 64X64)
[2020.01.16-20.43.35:051][363]LogTexture: Display: Building textures: LQ_Lightmap_0_25 (DXT1, 64X64)
[2020.01.16-20.43.35:314][363]LogTexture: Display: Building textures: ShadowMapTexture2D_4 (G8, 256X64)
[2020.01.16-20.43.35:314][363]LogTexture: Display: Building textures: ShadowMapTexture2D_3 (G8, 256X64)
[2020.01.16-20.43.35:314][363]LogTexture: Display: Building textures: ShadowMapTexture2D_2 (G8, 256X64)
[2020.01.16-20.43.35:314][363]LogTexture: Display: Building textures: ShadowMapTexture2D_9 (G8, 256X64)
[2020.01.16-20.43.35:314][363]LogTexture: Display: Building textures: ShadowMapTexture2D_7 (G8, 256X64)
[2020.01.16-20.43.35:314][363]LogTexture: Display: Building textures: ShadowMapTexture2D_8 (G8, 256X64)
[2020.01.16-20.43.35:314][363]LogTexture: Display: Building textures: ShadowMapTexture2D_13 (G8, 128X64)
[2020.01.16-20.43.35:314][363]LogTexture: Display: Building textures: ShadowMapTexture2D_10 (G8, 256X64)
[2020.01.16-20.43.35:314][363]LogTexture: Display: Building textures: ShadowMapTexture2D_12 (G8, 256X64)
[2020.01.16-20.43.35:314][363]LogTexture: Display: Building textures: ShadowMapTexture2D_11 (G8, 256X64)
[2020.01.16-20.43.35:314][363]LogTexture: Display: Building textures: ShadowMapTexture2D_16 (G8, 128X64)
[2020.01.16-20.43.35:314][363]LogTexture: Display: Building textures: ShadowMapTexture2D_18 (G8, 64X64)
[2020.01.16-20.43.35:314][363]LogTexture: Display: Building textures: ShadowMapTexture2D_6 (G8, 512X64)
[2020.01.16-20.43.35:315][363]LogTexture: Display: Building textures: ShadowMapTexture2D_22 (G8, 64X64)
[2020.01.16-20.43.35:315][363]LogTexture: Display: Building textures: ShadowMapTexture2D_20 (G8, 128X64)
[2020.01.16-20.43.35:315][363]LogTexture: Display: Building textures: ShadowMapTexture2D_19 (G8, 128X64)
[2020.01.16-20.43.35:315][363]LogTexture: Display: Building textures: ShadowMapTexture2D_50 (G8, 32X32)
[2020.01.16-20.43.35:315][363]LogTexture: Display: Building textures: ShadowMapTexture2D_17 (G8, 256X64)
[2020.01.16-20.43.35:315][363]LogTexture: Display: Building textures: ShadowMapTexture2D_21 (G8, 128X64)
[2020.01.16-20.43.35:315][363]LogTexture: Display: Building textures: ShadowMapTexture2D_23 (G8, 64X64)
[2020.01.16-20.43.35:315][363]LogTexture: Display: Building textures: ShadowMapTexture2D_1 (G8, 512X128)
[2020.01.16-20.43.35:315][363]LogTexture: Display: Building textures: ShadowMapTexture2D_5 (G8, 1024X64)
[2020.01.16-20.43.35:315][363]LogTexture: Display: Building textures: ShadowMapTexture2D_15 (G8, 1024X64)
[2020.01.16-20.43.35:315][363]LogTexture: Display: Building textures: ShadowMapTexture2D_14 (G8, 1024X128)
[2020.01.16-20.43.35:315][363]LogTexture: Display: Building textures: ShadowMapTexture2D_0 (G8, 512X512)
[2020.01.16-20.43.35:315][363]Lightmass on MSI: 12.7 sec total, 509 ms importing, 244 ms setup, 1.66 sec photons, 10.2 sec processing, 0 ms extra exporting [3396/3396 mappings]. Threads: 1:52 min total, 31.7 sec processing.
[2020.01.16-20.43.35:454][363]LogStaticLightingSystem: ThirdPersonExampleMap_BuiltData storing lightmap data for 125 meshes in 29 LightmapResourceClusters (4.3 Meshes per cluster).
[2020.01.16-20.43.35:534][363]LogUObjectHash: Compacting FUObjectHashTables data took   4.43ms
[2020.01.16-20.43.35:584][363]LogStaticLightingSystem: Illumination: 17.7 sec (466 ms encoding lightmaps, 84 ms encoding shadowmaps)
[2020.01.16-20.43.35:584][363]LogStaticLightingSystem: Lightmap texture memory:  7.4 MB (4.7 MB streaming, 2.7 MB non-streaming), 50 textures
[2020.01.16-20.43.35:584][363]LogStaticLightingSystem: Shadowmap texture memory: 1.1 MB (0.7 MB streaming, 0.3 MB non-streaming), 25 textures
[2020.01.16-20.43.41:131][363]DumpUnbuiltLightIteractions
[2020.01.16-20.43.41:131][363]Lights with unbuilt interactions: 0
[2020.01.16-20.43.41:131][363]
[2020.01.16-20.43.41:131][363]Primitives with unbuilt interactions: 0
[2020.01.16-20.43.41:604][364]Cmd: MAP CHECK NOTIFYRESULTS
[2020.01.16-20.43.41:604][364]MapCheck: New page: ThirdPersonExampleMap - Jan 16, 2020, 4:43:41 AM
[2020.01.16-20.43.41:661][364]MapCheck: Map check complete: 0 Error(s), 0 Warning(s), took 58.181ms to complete.
[2020.01.16-20.43.44:997][559]LogWorld: UWorld::CleanupWorld for World_3, bSessionEnded=true, bCleanupResources=true
[2020.01.16-20.43.44:997][559]LogSlate: InvalidateAllWidgets triggered.  All widgets were invalidated
[2020.01.16-20.43.45:001][559]LogWorld: UWorld::CleanupWorld for World_2, bSessionEnded=true, bCleanupResources=true
[2020.01.16-20.43.45:001][559]LogSlate: InvalidateAllWidgets triggered.  All widgets were invalidated
[2020.01.16-20.43.45:477][560]LogSlate: Took 0.016555 seconds to synchronously load lazily loaded font '../../../Engine/Content/Slate/Fonts/Roboto-Italic.ttf' (157K)
[2020.01.16-20.43.48:027][697]LogSlate: Window 'Enemy' being destroyed
[2020.01.16-20.43.48:031][697]LogSlate: Window 'Enemy' being destroyed
[2020.01.16-20.43.48:569][697]LogWorld: UWorld::CleanupWorld for World_0, bSessionEnded=true, bCleanupResources=true
[2020.01.16-20.43.48:569][697]LogSlate: InvalidateAllWidgets triggered.  All widgets were invalidated
[2020.01.16-20.43.48:783][697]LogActorComponent: UnregisterComponent: (/Engine/Transient.EditorFloorComp) Not registered. Aborting.
[2020.01.16-20.43.48:783][697]LogWorld: UWorld::CleanupWorld for World_1, bSessionEnded=true, bCleanupResources=true
[2020.01.16-20.43.48:783][697]LogSlate: InvalidateAllWidgets triggered.  All widgets were invalidated
[2020.01.16-20.43.50:202][779]LogSlate: Window 'Message Log' being destroyed
[2020.01.16-20.43.50:206][779]LogSlate: Window 'Message Log' being destroyed
[2020.01.16-20.44.03:958][588]Cmd: SELECT NONE
[2020.01.16-20.44.05:934][697]Cmd: TRANSACTION UNDO
[2020.01.16-20.44.05:934][697]LogEditorTransaction: Undo Select None
[2020.01.16-20.44.08:530][824]LogTemp: Repeating last play command: Selected Viewport
[2020.01.16-20.44.08:659][824]LogBlueprintUserMessages: Early PlayInEditor Detection: Level '/Game/ThirdPersonBP/Maps/ThirdPersonExampleMap.ThirdPersonExampleMap:PersistentLevel' has LevelScriptBlueprint '/Game/ThirdPersonBP/Maps/ThirdPersonExampleMap.ThirdPersonExampleMap:PersistentLevel.ThirdPersonExampleMap' with GeneratedClass '/Game/ThirdPersonBP/Maps/ThirdPersonExampleMap.ThirdPersonExampleMap_C' with ClassGeneratedBy '/Game/ThirdPersonBP/Maps/ThirdPersonExampleMap.ThirdPersonExampleMap:PersistentLevel.ThirdPersonExampleMap'
[2020.01.16-20.44.08:659][824]LogPlayLevel: PlayLevel: No blueprints needed recompiling
[2020.01.16-20.44.08:659][824]PIE: New page: PIE session: ThirdPersonExampleMap (Jan 16, 2020, 4:44:08 AM)
[2020.01.16-20.44.08:666][824]LogOnline: OSS: Creating online subsystem instance for: NULL
[2020.01.16-20.44.08:678][824]LogOnline: OSS: TryLoadSubsystemAndSetDefault: Loaded subsystem for module [NULL]
[2020.01.16-20.44.08:678][824]LogPlayLevel: Creating play world package: /Game/ThirdPersonBP/Maps/UEDPIE_0_ThirdPersonExampleMap
[2020.01.16-20.44.08:889][824]LogPlayLevel: PIE: StaticDuplicateObject took: (0.211657s)
[2020.01.16-20.44.08:890][824]LogAIModule: Creating AISystem for world ThirdPersonExampleMap
[2020.01.16-20.44.08:890][824]LogPlayLevel: PIE: World Init took: (0.000989s)
[2020.01.16-20.44.08:891][824]LogPlayLevel: PIE: Created PIE world by copying editor world from /Game/ThirdPersonBP/Maps/ThirdPersonExampleMap.ThirdPersonExampleMap to /Game/ThirdPersonBP/Maps/UEDPIE_0_ThirdPersonExampleMap.ThirdPersonExampleMap (0.212917s)
[2020.01.16-20.44.08:947][824]LogUObjectHash: Compacting FUObjectHashTables data took   3.21ms
[2020.01.16-20.44.08:964][824]LogAudioMixer: Display: Audio Mixer Platform Settings:
[2020.01.16-20.44.08:964][824]LogAudioMixer: Display: 	Sample Rate:						  48000
[2020.01.16-20.44.08:964][824]LogAudioMixer: Display: 	Callback Buffer Frame Size Requested: 1024
[2020.01.16-20.44.08:964][824]LogAudioMixer: Display: 	Callback Buffer Frame Size To Use:	  1024
[2020.01.16-20.44.08:964][824]LogAudioMixer: Display: 	Number of buffers to queue:			  2
[2020.01.16-20.44.08:964][824]LogAudioMixer: Display: 	Max Channels (voices):				  32
[2020.01.16-20.44.08:964][824]LogAudioMixer: Display: 	Number of Async Source Workers:		  0
[2020.01.16-20.44.08:964][824]LogAudio: Display: AudioDevice MaxSources: 32
[2020.01.16-20.44.08:965][824]LogAudio: Display: Using built-in audio occlusion.
[2020.01.16-20.44.08:965][824]LogAudioMixer: Display: Initializing audio mixer.
[2020.01.16-20.44.08:974][824]LogAudioMixer: Display: Audio Device Output Speaker Info:
[2020.01.16-20.44.08:974][824]LogAudioMixer: Display: Name: Speakers (2- Realtek(R) Audio)
[2020.01.16-20.44.08:974][824]LogAudioMixer: Display: Is Default: Yes
[2020.01.16-20.44.08:974][824]LogAudioMixer: Display: Sample Rate: 48000
[2020.01.16-20.44.08:974][824]LogAudioMixer: Display: Channel Count Used: 8
[2020.01.16-20.44.08:974][824]LogAudioMixer: Display: Device Channel Count: 8
[2020.01.16-20.44.08:974][824]LogAudioMixer: Display: Channel Order:
[2020.01.16-20.44.08:974][824]LogAudioMixer: Display: 0: FrontLeft
[2020.01.16-20.44.08:974][824]LogAudioMixer: Display: 1: FrontRight
[2020.01.16-20.44.08:974][824]LogAudioMixer: Display: 2: FrontCenter
[2020.01.16-20.44.08:974][824]LogAudioMixer: Display: 3: LowFrequency
[2020.01.16-20.44.08:974][824]LogAudioMixer: Display: 4: BackLeft
[2020.01.16-20.44.08:974][824]LogAudioMixer: Display: 5: BackRight
[2020.01.16-20.44.08:974][824]LogAudioMixer: Display: 6: SideLeft
[2020.01.16-20.44.08:974][824]LogAudioMixer: Display: 7: SideRight
[2020.01.16-20.44.08:981][824]LogAudioMixer: Display: Using Audio Device Speakers (2- Realtek(R) Audio)
[2020.01.16-20.44.08:983][824]LogInit: FAudioDevice initialized.
[2020.01.16-20.44.08:994][824]LogLoad: Game class is 'ThirdPersonGameMode_C'
[2020.01.16-20.44.09:000][824]LogWorld: Bringing World /Game/ThirdPersonBP/Maps/UEDPIE_0_ThirdPersonExampleMap.ThirdPersonExampleMap up for play (max tick rate 60) at 2020.01.16-12.44.09
[2020.01.16-20.44.09:048][824]LogWorld: Bringing up level for play took: 0.053512
[2020.01.16-20.44.09:049][824]LogOnline: OSS: Creating online subsystem instance for: :Context_7
[2020.01.16-20.44.09:134][824]LogContentBrowser: Native class hierarchy updated for 'MovieSceneCapture' in 0.0012 seconds. Added 20 classes and 0 folders.
[2020.01.16-20.44.09:172][824]PIE: Play in editor start time for /Game/ThirdPersonBP/Maps/UEDPIE_0_ThirdPersonExampleMap 0.277
[2020.01.16-20.44.09:173][824]LogBlueprintUserMessages: Late PlayInEditor Detection: Level '/Game/ThirdPersonBP/Maps/ThirdPersonExampleMap.ThirdPersonExampleMap:PersistentLevel' has LevelScriptBlueprint '/Game/ThirdPersonBP/Maps/ThirdPersonExampleMap.ThirdPersonExampleMap:PersistentLevel.ThirdPersonExampleMap' with GeneratedClass '/Game/ThirdPersonBP/Maps/ThirdPersonExampleMap.ThirdPersonExampleMap_C' with ClassGeneratedBy '/Game/ThirdPersonBP/Maps/ThirdPersonExampleMap.ThirdPersonExampleMap:PersistentLevel.ThirdPersonExampleMap'
[2020.01.16-20.44.15:647][190]Cmd: SELECT NONE
[2020.01.16-20.44.17:049][274]LogAudioMixer: Display: No commands were queued while flushing the source manager.
[2020.01.16-20.44.17:049][274]LogAudioMixer: Display: No commands were queued while flushing the source manager.
[2020.01.16-20.44.17:049][274]LogBlueprintUserMessages: Early EndPlayMap Detection: Level '/Game/ThirdPersonBP/Maps/ThirdPersonExampleMap.ThirdPersonExampleMap:PersistentLevel' has LevelScriptBlueprint '/Game/ThirdPersonBP/Maps/ThirdPersonExampleMap.ThirdPersonExampleMap:PersistentLevel.ThirdPersonExampleMap' with GeneratedClass '/Game/ThirdPersonBP/Maps/ThirdPersonExampleMap.ThirdPersonExampleMap_C' with ClassGeneratedBy '/Game/ThirdPersonBP/Maps/ThirdPersonExampleMap.ThirdPersonExampleMap:PersistentLevel.ThirdPersonExampleMap'
[2020.01.16-20.44.17:049][274]LogSlate: Updating window title bar state: overlay mode, drag disabled, window buttons hidden, title bar hidden
[2020.01.16-20.44.17:049][274]LogWorld: BeginTearingDown for /Game/ThirdPersonBP/Maps/UEDPIE_0_ThirdPersonExampleMap
[2020.01.16-20.44.17:049][274]LogAudioMixer: Display: No commands were queued while flushing the source manager.
[2020.01.16-20.44.17:050][274]LogWorld: UWorld::CleanupWorld for ThirdPersonExampleMap, bSessionEnded=true, bCleanupResources=true
[2020.01.16-20.44.17:051][274]LogSlate: InvalidateAllWidgets triggered.  All widgets were invalidated
[2020.01.16-20.44.17:144][274]LogPlayLevel: Display: Shutting down PIE online subsystems
[2020.01.16-20.44.17:145][274]LogBlueprintUserMessages: Late EndPlayMap Detection: Level '/Game/ThirdPersonBP/Maps/ThirdPersonExampleMap.ThirdPersonExampleMap:PersistentLevel' has LevelScriptBlueprint '/Game/ThirdPersonBP/Maps/ThirdPersonExampleMap.ThirdPersonExampleMap:PersistentLevel.ThirdPersonExampleMap' with GeneratedClass '/Game/ThirdPersonBP/Maps/ThirdPersonExampleMap.ThirdPersonExampleMap_C' with ClassGeneratedBy '/Game/ThirdPersonBP/Maps/ThirdPersonExampleMap.ThirdPersonExampleMap:PersistentLevel.ThirdPersonExampleMap'
[2020.01.16-20.44.17:159][274]LogSlate: InvalidateAllWidgets triggered.  All widgets were invalidated
[2020.01.16-20.44.17:212][274]LogAudioMixer: Display: No commands were queued while flushing the source manager.
[2020.01.16-20.44.17:215][274]LogSlate: Updating window title bar state: overlay mode, drag disabled, window buttons hidden, title bar hidden
[2020.01.16-20.44.17:265][274]LogUObjectHash: Compacting FUObjectHashTables data took   3.46ms
[2020.01.16-20.44.17:282][275]LogPlayLevel: Display: Destroying online subsystem :Context_7
[2020.01.16-20.44.53:457][456]LogEditorViewport: Clicking on Actor (LMB): StaticMeshActor (Cube9)
[2020.01.16-20.44.57:539][699]LogTemp: Repeating last play command: Selected Viewport
[2020.01.16-20.44.57:553][699]LogBlueprintUserMessages: Early PlayInEditor Detection: Level '/Game/ThirdPersonBP/Maps/ThirdPersonExampleMap.ThirdPersonExampleMap:PersistentLevel' has LevelScriptBlueprint '/Game/ThirdPersonBP/Maps/ThirdPersonExampleMap.ThirdPersonExampleMap:PersistentLevel.ThirdPersonExampleMap' with GeneratedClass '/Game/ThirdPersonBP/Maps/ThirdPersonExampleMap.ThirdPersonExampleMap_C' with ClassGeneratedBy '/Game/ThirdPersonBP/Maps/ThirdPersonExampleMap.ThirdPersonExampleMap:PersistentLevel.ThirdPersonExampleMap'
[2020.01.16-20.44.57:553][699]LogPlayLevel: PlayLevel: No blueprints needed recompiling
[2020.01.16-20.44.57:554][699]PIE: New page: PIE session: ThirdPersonExampleMap (Jan 16, 2020, 4:44:57 AM)
[2020.01.16-20.44.57:554][699]LogPlayLevel: Creating play world package: /Game/ThirdPersonBP/Maps/UEDPIE_0_ThirdPersonExampleMap
[2020.01.16-20.44.57:762][699]LogPlayLevel: PIE: StaticDuplicateObject took: (0.208030s)
[2020.01.16-20.44.57:763][699]LogAIModule: Creating AISystem for world ThirdPersonExampleMap
[2020.01.16-20.44.57:763][699]LogPlayLevel: PIE: World Init took: (0.000927s)
[2020.01.16-20.44.57:763][699]LogPlayLevel: PIE: Created PIE world by copying editor world from /Game/ThirdPersonBP/Maps/ThirdPersonExampleMap.ThirdPersonExampleMap to /Game/ThirdPersonBP/Maps/UEDPIE_0_ThirdPersonExampleMap.ThirdPersonExampleMap (0.209111s)
[2020.01.16-20.44.57:811][699]LogUObjectHash: Compacting FUObjectHashTables data took   2.49ms
[2020.01.16-20.44.57:812][699]LogAudioMixer: Display: Audio Mixer Platform Settings:
[2020.01.16-20.44.57:812][699]LogAudioMixer: Display: 	Sample Rate:						  48000
[2020.01.16-20.44.57:812][699]LogAudioMixer: Display: 	Callback Buffer Frame Size Requested: 1024
[2020.01.16-20.44.57:812][699]LogAudioMixer: Display: 	Callback Buffer Frame Size To Use:	  1024
[2020.01.16-20.44.57:812][699]LogAudioMixer: Display: 	Number of buffers to queue:			  2
[2020.01.16-20.44.57:812][699]LogAudioMixer: Display: 	Max Channels (voices):				  32
[2020.01.16-20.44.57:812][699]LogAudioMixer: Display: 	Number of Async Source Workers:		  0
[2020.01.16-20.44.57:812][699]LogAudio: Display: AudioDevice MaxSources: 32
[2020.01.16-20.44.57:813][699]LogAudio: Display: Using built-in audio occlusion.
[2020.01.16-20.44.57:813][699]LogAudioMixer: Display: Initializing audio mixer.
[2020.01.16-20.44.57:821][699]LogAudioMixer: Display: Audio Device Output Speaker Info:
[2020.01.16-20.44.57:821][699]LogAudioMixer: Display: Name: Speakers (2- Realtek(R) Audio)
[2020.01.16-20.44.57:821][699]LogAudioMixer: Display: Is Default: Yes
[2020.01.16-20.44.57:821][699]LogAudioMixer: Display: Sample Rate: 48000
[2020.01.16-20.44.57:821][699]LogAudioMixer: Display: Channel Count Used: 8
[2020.01.16-20.44.57:821][699]LogAudioMixer: Display: Device Channel Count: 8
[2020.01.16-20.44.57:821][699]LogAudioMixer: Display: Channel Order:
[2020.01.16-20.44.57:821][699]LogAudioMixer: Display: 0: FrontLeft
[2020.01.16-20.44.57:821][699]LogAudioMixer: Display: 1: FrontRight
[2020.01.16-20.44.57:822][699]LogAudioMixer: Display: 2: FrontCenter
[2020.01.16-20.44.57:822][699]LogAudioMixer: Display: 3: LowFrequency
[2020.01.16-20.44.57:822][699]LogAudioMixer: Display: 4: BackLeft
[2020.01.16-20.44.57:822][699]LogAudioMixer: Display: 5: BackRight
[2020.01.16-20.44.57:822][699]LogAudioMixer: Display: 6: SideLeft
[2020.01.16-20.44.57:822][699]LogAudioMixer: Display: 7: SideRight
[2020.01.16-20.44.57:828][699]LogAudioMixer: Display: Using Audio Device Speakers (2- Realtek(R) Audio)
[2020.01.16-20.44.57:829][699]LogInit: FAudioDevice initialized.
[2020.01.16-20.44.57:835][699]LogLoad: Game class is 'ThirdPersonGameMode_C'
[2020.01.16-20.44.57:842][699]LogWorld: Bringing World /Game/ThirdPersonBP/Maps/UEDPIE_0_ThirdPersonExampleMap.ThirdPersonExampleMap up for play (max tick rate 60) at 2020.01.16-12.44.57
[2020.01.16-20.44.57:843][699]LogWorld: Bringing up level for play took: 0.007274
[2020.01.16-20.44.57:844][699]LogOnline: OSS: Creating online subsystem instance for: :Context_8
[2020.01.16-20.44.57:846][699]PIE: Play in editor start time for /Game/ThirdPersonBP/Maps/UEDPIE_0_ThirdPersonExampleMap 0.952
[2020.01.16-20.44.57:847][699]LogBlueprintUserMessages: Late PlayInEditor Detection: Level '/Game/ThirdPersonBP/Maps/ThirdPersonExampleMap.ThirdPersonExampleMap:PersistentLevel' has LevelScriptBlueprint '/Game/ThirdPersonBP/Maps/ThirdPersonExampleMap.ThirdPersonExampleMap:PersistentLevel.ThirdPersonExampleMap' with GeneratedClass '/Game/ThirdPersonBP/Maps/ThirdPersonExampleMap.ThirdPersonExampleMap_C' with ClassGeneratedBy '/Game/ThirdPersonBP/Maps/ThirdPersonExampleMap.ThirdPersonExampleMap:PersistentLevel.ThirdPersonExampleMap'
[2020.01.16-20.45.12:103][541]LogScript: Warning: Infinite script recursion (250 calls) detected - see log for stack trace
	Enemy_C /Game/ThirdPersonBP/Maps/UEDPIE_0_ThirdPersonExampleMap.ThirdPersonExampleMap:PersistentLevel.Enemy5_11
	Function /Game/TPGame/Enemy.Enemy_C:ExecuteUbergraph_Enemy:0000
[2020.01.16-20.45.12:103][541]PIE: Error: Infinite loop detected. Blueprint:  Enemy Function:  While See Pawn (Pawn Sensing) Call Stack:  Show
[2020.01.16-20.45.15:321][541]LogScript: Warning: Runaway loop detected (over 1,000,000 iterations) - see log for stack trace
	Enemy_C /Game/ThirdPersonBP/Maps/UEDPIE_0_ThirdPersonExampleMap.ThirdPersonExampleMap:PersistentLevel.Enemy5_11
	Function /Game/TPGame/Enemy.Enemy_C:ExecuteUbergraph_Enemy:025E
[2020.01.16-20.45.15:321][541]PIE: Error: Infinite loop detected. Blueprint:  Enemy Function:  AI MoveTo Call Stack:  Show
[2020.01.16-20.45.18:651][541]LogScript: Warning: Runaway loop detected (over 1,000,000 iterations) - see log for stack trace
	Enemy_C /Game/ThirdPersonBP/Maps/UEDPIE_0_ThirdPersonExampleMap.ThirdPersonExampleMap:PersistentLevel.Enemy5_11
	Function /Game/TPGame/Enemy.Enemy_C:ExecuteUbergraph_Enemy:01FF
[2020.01.16-20.45.18:651][541]PIE: Error: Infinite loop detected. Blueprint:  Enemy Function:  Outputs Call Stack:  Show
[2020.01.16-20.45.22:217][541]LogScript: Warning: Runaway loop detected (over 1,000,000 iterations) - see log for stack trace
	Enemy_C /Game/ThirdPersonBP/Maps/UEDPIE_0_ThirdPersonExampleMap.ThirdPersonExampleMap:PersistentLevel.Enemy5_11
	Function /Game/TPGame/Enemy.Enemy_C:ExecuteUbergraph_Enemy:01FF
[2020.01.16-20.45.22:217][541]PIE: Error: Infinite loop detected. Blueprint:  Enemy Function:  Outputs Call Stack:  Show
[2020.01.16-20.45.25:638][541]LogScript: Warning: Runaway loop detected (over 1,000,000 iterations) - see log for stack trace
	Enemy_C /Game/ThirdPersonBP/Maps/UEDPIE_0_ThirdPersonExampleMap.ThirdPersonExampleMap:PersistentLevel.Enemy5_11
	Function /Game/TPGame/Enemy.Enemy_C:ExecuteUbergraph_Enemy:01FF
[2020.01.16-20.45.25:638][541]PIE: Error: Infinite loop detected. Blueprint:  Enemy Function:  Outputs Call Stack:  Show
[2020.01.16-20.45.29:092][541]LogScript: Warning: Runaway loop detected (over 1,000,000 iterations) - see log for stack trace
	Enemy_C /Game/ThirdPersonBP/Maps/UEDPIE_0_ThirdPersonExampleMap.ThirdPersonExampleMap:PersistentLevel.Enemy5_11
	Function /Game/TPGame/Enemy.Enemy_C:ExecuteUbergraph_Enemy:01FF
[2020.01.16-20.45.29:092][541]PIE: Error: Infinite loop detected. Blueprint:  Enemy Function:  Outputs Call Stack:  Show
[2020.01.16-20.45.32:631][541]LogScript: Warning: Runaway loop detected (over 1,000,000 iterations) - see log for stack trace
	Enemy_C /Game/ThirdPersonBP/Maps/UEDPIE_0_ThirdPersonExampleMap.ThirdPersonExampleMap:PersistentLevel.Enemy5_11
	Function /Game/TPGame/Enemy.Enemy_C:ExecuteUbergraph_Enemy:01FF
[2020.01.16-20.45.32:631][541]PIE: Error: Infinite loop detected. Blueprint:  Enemy Function:  Outputs Call Stack:  Show
[2020.01.16-20.45.36:119][541]LogScript: Warning: Runaway loop detected (over 1,000,000 iterations) - see log for stack trace
	Enemy_C /Game/ThirdPersonBP/Maps/UEDPIE_0_ThirdPersonExampleMap.ThirdPersonExampleMap:PersistentLevel.Enemy5_11
	Function /Game/TPGame/Enemy.Enemy_C:ExecuteUbergraph_Enemy:01FF
[2020.01.16-20.45.36:119][541]PIE: Error: Infinite loop detected. Blueprint:  Enemy Function:  Outputs Call Stack:  Show
[2020.01.16-20.45.39:949][541]LogScript: Warning: Runaway loop detected (over 1,000,000 iterations) - see log for stack trace
	Enemy_C /Game/ThirdPersonBP/Maps/UEDPIE_0_ThirdPersonExampleMap.ThirdPersonExampleMap:PersistentLevel.Enemy5_11
	Function /Game/TPGame/Enemy.Enemy_C:ExecuteUbergraph_Enemy:01FF
[2020.01.16-20.45.39:950][541]PIE: Error: Infinite loop detected. Blueprint:  Enemy Function:  Outputs Call Stack:  Show
